INFO - 2024-09-19 12:51:02 --> Session: Class initialized using 'CodeIgniter\Session\Handlers\FileHandler' driver.
INFO - 2024-09-19 12:51:28 --> Session: Class initialized using 'CodeIgniter\Session\Handlers\FileHandler' driver.
INFO - 2024-09-19 12:51:33 --> Session: Class initialized using 'CodeIgniter\Session\Handlers\FileHandler' driver.
INFO - 2024-09-19 12:51:47 --> Session: Class initialized using 'CodeIgniter\Session\Handlers\FileHandler' driver.
INFO - 2024-09-19 12:51:47 --> Session: Class initialized using 'CodeIgniter\Session\Handlers\FileHandler' driver.
INFO - 2024-09-19 12:52:10 --> Session: Class initialized using 'CodeIgniter\Session\Handlers\FileHandler' driver.
INFO - 2024-09-19 12:52:10 --> Session: Class initialized using 'CodeIgniter\Session\Handlers\FileHandler' driver.
INFO - 2024-09-19 12:52:21 --> Session: Class initialized using 'CodeIgniter\Session\Handlers\FileHandler' driver.
INFO - 2024-09-19 12:52:34 --> Session: Class initialized using 'CodeIgniter\Session\Handlers\FileHandler' driver.
INFO - 2024-09-19 12:52:34 --> Session: Class initialized using 'CodeIgniter\Session\Handlers\FileHandler' driver.
INFO - 2024-09-19 12:53:29 --> Session: Class initialized using 'CodeIgniter\Session\Handlers\FileHandler' driver.
INFO - 2024-09-19 12:53:44 --> Session: Class initialized using 'CodeIgniter\Session\Handlers\FileHandler' driver.
INFO - 2024-09-19 12:53:45 --> Session: Class initialized using 'CodeIgniter\Session\Handlers\FileHandler' driver.
INFO - 2024-09-19 12:54:17 --> Session: Class initialized using 'CodeIgniter\Session\Handlers\FileHandler' driver.
INFO - 2024-09-19 12:54:21 --> Session: Class initialized using 'CodeIgniter\Session\Handlers\FileHandler' driver.
INFO - 2024-09-19 12:54:41 --> Session: Class initialized using 'CodeIgniter\Session\Handlers\FileHandler' driver.
INFO - 2024-09-19 12:54:42 --> Session: Class initialized using 'CodeIgniter\Session\Handlers\FileHandler' driver.
ERROR - 2024-09-19 12:54:45 --> mysqli_sql_exception: Table 'coffee.accounting_years' doesn't exist in C:\xampp\htdocs\coffee\coffee\system\Database\MySQLi\Connection.php:312
Stack trace:
#0 C:\xampp\htdocs\coffee\coffee\system\Database\MySQLi\Connection.php(312): mysqli->query('SELECT acc_year...', 0)
#1 C:\xampp\htdocs\coffee\coffee\system\Database\BaseConnection.php(734): CodeIgniter\Database\MySQLi\Connection->execute('SELECT acc_year...')
#2 C:\xampp\htdocs\coffee\coffee\system\Database\BaseConnection.php(648): CodeIgniter\Database\BaseConnection->simpleQuery('SELECT acc_year...')
#3 C:\xampp\htdocs\coffee\coffee\app\Controllers\GeneralController.php(51): CodeIgniter\Database\BaseConnection->query('SELECT acc_year...')
#4 C:\xampp\htdocs\coffee\coffee\app\Controllers\DashboardController.php(40): App\Controllers\GeneralController->currentAccountingPeriod()
#5 C:\xampp\htdocs\coffee\coffee\system\CodeIgniter.php(933): App\Controllers\DashboardController->previousSales()
#6 C:\xampp\htdocs\coffee\coffee\system\CodeIgniter.php(509): CodeIgniter\CodeIgniter->runController(Object(App\Controllers\DashboardController))
#7 C:\xampp\htdocs\coffee\coffee\system\CodeIgniter.php(355): CodeIgniter\CodeIgniter->handleRequest(NULL, Object(Config\Cache), false)
#8 C:\xampp\htdocs\coffee\coffee\system\Boot.php(325): CodeIgniter\CodeIgniter->run()
#9 C:\xampp\htdocs\coffee\coffee\system\Boot.php(67): CodeIgniter\Boot::runCodeIgniter(Object(CodeIgniter\CodeIgniter))
#10 C:\xampp\htdocs\coffee\coffee\public\index.php(56): CodeIgniter\Boot::bootWeb(Object(Config\Paths))
#11 C:\xampp\htdocs\coffee\coffee\system\rewrite.php(44): require_once('C:\\xampp\\htdocs...')
#12 {main}
CRITICAL - 2024-09-19 12:54:45 --> CodeIgniter\Database\Exceptions\DatabaseException: Table 'coffee.accounting_years' doesn't exist
[Method: POST, Route: sales/salesByType]
in SYSTEMPATH\Database\BaseConnection.php on line 688.
 1 APPPATH\Controllers\GeneralController.php(51): CodeIgniter\Database\BaseConnection->query('SELECT acc_year_id, fpo, start_date, end_date
                    FROM accounting_years WHERE acc_year_id =(SELECT max(acc_year_id))
                    AND fpo = \'1\'')
 2 APPPATH\Controllers\DashboardController.php(40): App\Controllers\GeneralController->currentAccountingPeriod()
 3 SYSTEMPATH\CodeIgniter.php(933): App\Controllers\DashboardController->previousSales()
 4 SYSTEMPATH\CodeIgniter.php(509): CodeIgniter\CodeIgniter->runController(Object(App\Controllers\DashboardController))
 5 SYSTEMPATH\CodeIgniter.php(355): CodeIgniter\CodeIgniter->handleRequest(null, Object(Config\Cache), false)
 6 SYSTEMPATH\Boot.php(325): CodeIgniter\CodeIgniter->run()
 7 SYSTEMPATH\Boot.php(67): CodeIgniter\Boot::runCodeIgniter(Object(CodeIgniter\CodeIgniter))
 8 FCPATH\index.php(56): CodeIgniter\Boot::bootWeb(Object(Config\Paths))
 9 SYSTEMPATH\rewrite.php(44): require_once('C:\\xampp\\htdocs\\coffee\\coffee\\public\\index.php')
CRITICAL - 2024-09-19 12:54:45 --> [Caused by] CodeIgniter\Database\Exceptions\DatabaseException: Table 'coffee.accounting_years' doesn't exist
in SYSTEMPATH\Database\MySQLi\Connection.php on line 317.
 1 SYSTEMPATH\Database\BaseConnection.php(734): CodeIgniter\Database\MySQLi\Connection->execute('SELECT acc_year_id, fpo, start_date, end_date
                    FROM accounting_years WHERE acc_year_id =(SELECT max(acc_year_id))
                    AND fpo = \'1\'')
 2 SYSTEMPATH\Database\BaseConnection.php(648): CodeIgniter\Database\BaseConnection->simpleQuery('SELECT acc_year_id, fpo, start_date, end_date
                    FROM accounting_years WHERE acc_year_id =(SELECT max(acc_year_id))
                    AND fpo = \'1\'')
 3 APPPATH\Controllers\GeneralController.php(51): CodeIgniter\Database\BaseConnection->query('SELECT acc_year_id, fpo, start_date, end_date
                    FROM accounting_years WHERE acc_year_id =(SELECT max(acc_year_id))
                    AND fpo = \'1\'')
 4 APPPATH\Controllers\DashboardController.php(40): App\Controllers\GeneralController->currentAccountingPeriod()
 5 SYSTEMPATH\CodeIgniter.php(933): App\Controllers\DashboardController->previousSales()
 6 SYSTEMPATH\CodeIgniter.php(509): CodeIgniter\CodeIgniter->runController(Object(App\Controllers\DashboardController))
 7 SYSTEMPATH\CodeIgniter.php(355): CodeIgniter\CodeIgniter->handleRequest(null, Object(Config\Cache), false)
 8 SYSTEMPATH\Boot.php(325): CodeIgniter\CodeIgniter->run()
 9 SYSTEMPATH\Boot.php(67): CodeIgniter\Boot::runCodeIgniter(Object(CodeIgniter\CodeIgniter))
10 FCPATH\index.php(56): CodeIgniter\Boot::bootWeb(Object(Config\Paths))
11 SYSTEMPATH\rewrite.php(44): require_once('C:\\xampp\\htdocs\\coffee\\coffee\\public\\index.php')
CRITICAL - 2024-09-19 12:54:45 --> [Caused by] mysqli_sql_exception: Table 'coffee.accounting_years' doesn't exist
in SYSTEMPATH\Database\MySQLi\Connection.php on line 312.
 1 SYSTEMPATH\Database\MySQLi\Connection.php(312): mysqli->query('SELECT acc_year_id, fpo, start_date, end_date
                    FROM accounting_years WHERE acc_year_id =(SELECT max(acc_year_id))
                    AND fpo = \'1\'', 0)
 2 SYSTEMPATH\Database\BaseConnection.php(734): CodeIgniter\Database\MySQLi\Connection->execute('SELECT acc_year_id, fpo, start_date, end_date
                    FROM accounting_years WHERE acc_year_id =(SELECT max(acc_year_id))
                    AND fpo = \'1\'')
 3 SYSTEMPATH\Database\BaseConnection.php(648): CodeIgniter\Database\BaseConnection->simpleQuery('SELECT acc_year_id, fpo, start_date, end_date
                    FROM accounting_years WHERE acc_year_id =(SELECT max(acc_year_id))
                    AND fpo = \'1\'')
 4 APPPATH\Controllers\GeneralController.php(51): CodeIgniter\Database\BaseConnection->query('SELECT acc_year_id, fpo, start_date, end_date
                    FROM accounting_years WHERE acc_year_id =(SELECT max(acc_year_id))
                    AND fpo = \'1\'')
 5 APPPATH\Controllers\DashboardController.php(40): App\Controllers\GeneralController->currentAccountingPeriod()
 6 SYSTEMPATH\CodeIgniter.php(933): App\Controllers\DashboardController->previousSales()
 7 SYSTEMPATH\CodeIgniter.php(509): CodeIgniter\CodeIgniter->runController(Object(App\Controllers\DashboardController))
 8 SYSTEMPATH\CodeIgniter.php(355): CodeIgniter\CodeIgniter->handleRequest(null, Object(Config\Cache), false)
 9 SYSTEMPATH\Boot.php(325): CodeIgniter\CodeIgniter->run()
10 SYSTEMPATH\Boot.php(67): CodeIgniter\Boot::runCodeIgniter(Object(CodeIgniter\CodeIgniter))
11 FCPATH\index.php(56): CodeIgniter\Boot::bootWeb(Object(Config\Paths))
12 SYSTEMPATH\rewrite.php(44): require_once('C:\\xampp\\htdocs\\coffee\\coffee\\public\\index.php')
INFO - 2024-09-19 13:18:12 --> Session: Class initialized using 'CodeIgniter\Session\Handlers\FileHandler' driver.
CRITICAL - 2024-09-19 13:18:14 --> ErrorException: Undefined array key 0
[Method: POST, Route: sales/salesByType]
in APPPATH\Controllers\GeneralController.php on line 54.
 1 APPPATH\Controllers\GeneralController.php(54): CodeIgniter\Debug\Exceptions->errorHandler(2, 'Undefined array key 0', 'C:\\xampp\\htdocs\\coffee\\coffee\\app\\Controllers\\GeneralController.php', 54)
 2 APPPATH\Controllers\DashboardController.php(40): App\Controllers\GeneralController->currentAccountingPeriod()
 3 SYSTEMPATH\CodeIgniter.php(933): App\Controllers\DashboardController->previousSales()
 4 SYSTEMPATH\CodeIgniter.php(509): CodeIgniter\CodeIgniter->runController(Object(App\Controllers\DashboardController))
 5 SYSTEMPATH\CodeIgniter.php(355): CodeIgniter\CodeIgniter->handleRequest(null, Object(Config\Cache), false)
 6 SYSTEMPATH\Boot.php(325): CodeIgniter\CodeIgniter->run()
 7 SYSTEMPATH\Boot.php(67): CodeIgniter\Boot::runCodeIgniter(Object(CodeIgniter\CodeIgniter))
 8 FCPATH\index.php(56): CodeIgniter\Boot::bootWeb(Object(Config\Paths))
 9 SYSTEMPATH\rewrite.php(44): require_once('C:\\xampp\\htdocs\\coffee\\coffee\\public\\index.php')
INFO - 2024-09-19 13:20:22 --> Session: Class initialized using 'CodeIgniter\Session\Handlers\FileHandler' driver.
CRITICAL - 2024-09-19 13:20:24 --> ErrorException: Undefined array key 0
[Method: POST, Route: sales/salesByType]
in APPPATH\Controllers\GeneralController.php on line 54.
 1 APPPATH\Controllers\GeneralController.php(54): CodeIgniter\Debug\Exceptions->errorHandler(2, 'Undefined array key 0', 'C:\\xampp\\htdocs\\coffee\\coffee\\app\\Controllers\\GeneralController.php', 54)
 2 APPPATH\Controllers\DashboardController.php(40): App\Controllers\GeneralController->currentAccountingPeriod()
 3 SYSTEMPATH\CodeIgniter.php(933): App\Controllers\DashboardController->previousSales()
 4 SYSTEMPATH\CodeIgniter.php(509): CodeIgniter\CodeIgniter->runController(Object(App\Controllers\DashboardController))
 5 SYSTEMPATH\CodeIgniter.php(355): CodeIgniter\CodeIgniter->handleRequest(null, Object(Config\Cache), false)
 6 SYSTEMPATH\Boot.php(325): CodeIgniter\CodeIgniter->run()
 7 SYSTEMPATH\Boot.php(67): CodeIgniter\Boot::runCodeIgniter(Object(CodeIgniter\CodeIgniter))
 8 FCPATH\index.php(56): CodeIgniter\Boot::bootWeb(Object(Config\Paths))
 9 SYSTEMPATH\rewrite.php(44): require_once('C:\\xampp\\htdocs\\coffee\\coffee\\public\\index.php')
INFO - 2024-09-19 13:48:41 --> Session: Class initialized using 'CodeIgniter\Session\Handlers\FileHandler' driver.
CRITICAL - 2024-09-19 13:48:43 --> ErrorException: Undefined array key 0
[Method: POST, Route: sales/salesByType]
in APPPATH\Controllers\GeneralController.php on line 54.
 1 APPPATH\Controllers\GeneralController.php(54): CodeIgniter\Debug\Exceptions->errorHandler(2, 'Undefined array key 0', 'C:\\xampp\\htdocs\\coffee\\coffee\\app\\Controllers\\GeneralController.php', 54)
 2 APPPATH\Controllers\DashboardController.php(40): App\Controllers\GeneralController->currentAccountingPeriod()
 3 SYSTEMPATH\CodeIgniter.php(933): App\Controllers\DashboardController->previousSales()
 4 SYSTEMPATH\CodeIgniter.php(509): CodeIgniter\CodeIgniter->runController(Object(App\Controllers\DashboardController))
 5 SYSTEMPATH\CodeIgniter.php(355): CodeIgniter\CodeIgniter->handleRequest(null, Object(Config\Cache), false)
 6 SYSTEMPATH\Boot.php(325): CodeIgniter\CodeIgniter->run()
 7 SYSTEMPATH\Boot.php(67): CodeIgniter\Boot::runCodeIgniter(Object(CodeIgniter\CodeIgniter))
 8 FCPATH\index.php(56): CodeIgniter\Boot::bootWeb(Object(Config\Paths))
 9 SYSTEMPATH\rewrite.php(44): require_once('C:\\xampp\\htdocs\\coffee\\coffee\\public\\index.php')
INFO - 2024-09-19 13:51:01 --> Session: Class initialized using 'CodeIgniter\Session\Handlers\FileHandler' driver.
CRITICAL - 2024-09-19 13:51:03 --> ErrorException: Undefined array key 0
[Method: POST, Route: sales/salesByType]
in APPPATH\Controllers\GeneralController.php on line 54.
 1 APPPATH\Controllers\GeneralController.php(54): CodeIgniter\Debug\Exceptions->errorHandler(2, 'Undefined array key 0', 'C:\\xampp\\htdocs\\coffee\\coffee\\app\\Controllers\\GeneralController.php', 54)
 2 APPPATH\Controllers\DashboardController.php(40): App\Controllers\GeneralController->currentAccountingPeriod()
 3 SYSTEMPATH\CodeIgniter.php(933): App\Controllers\DashboardController->previousSales()
 4 SYSTEMPATH\CodeIgniter.php(509): CodeIgniter\CodeIgniter->runController(Object(App\Controllers\DashboardController))
 5 SYSTEMPATH\CodeIgniter.php(355): CodeIgniter\CodeIgniter->handleRequest(null, Object(Config\Cache), false)
 6 SYSTEMPATH\Boot.php(325): CodeIgniter\CodeIgniter->run()
 7 SYSTEMPATH\Boot.php(67): CodeIgniter\Boot::runCodeIgniter(Object(CodeIgniter\CodeIgniter))
 8 FCPATH\index.php(56): CodeIgniter\Boot::bootWeb(Object(Config\Paths))
 9 SYSTEMPATH\rewrite.php(44): require_once('C:\\xampp\\htdocs\\coffee\\coffee\\public\\index.php')
INFO - 2024-09-19 18:41:58 --> Session: Class initialized using 'CodeIgniter\Session\Handlers\FileHandler' driver.
INFO - 2024-09-19 18:42:16 --> Session: Class initialized using 'CodeIgniter\Session\Handlers\FileHandler' driver.
INFO - 2024-09-19 18:42:18 --> Session: Class initialized using 'CodeIgniter\Session\Handlers\FileHandler' driver.
INFO - 2024-09-19 18:42:27 --> Session: Class initialized using 'CodeIgniter\Session\Handlers\FileHandler' driver.
INFO - 2024-09-19 18:42:27 --> Session: Class initialized using 'CodeIgniter\Session\Handlers\FileHandler' driver.
CRITICAL - 2024-09-19 18:42:31 --> ErrorException: Undefined array key 0
[Method: POST, Route: sales/salesByType]
in APPPATH\Controllers\GeneralController.php on line 54.
 1 APPPATH\Controllers\GeneralController.php(54): CodeIgniter\Debug\Exceptions->errorHandler(2, 'Undefined array key 0', 'C:\\xampp\\htdocs\\coffee\\coffee\\app\\Controllers\\GeneralController.php', 54)
 2 APPPATH\Controllers\DashboardController.php(40): App\Controllers\GeneralController->currentAccountingPeriod()
 3 SYSTEMPATH\CodeIgniter.php(933): App\Controllers\DashboardController->previousSales()
 4 SYSTEMPATH\CodeIgniter.php(509): CodeIgniter\CodeIgniter->runController(Object(App\Controllers\DashboardController))
 5 SYSTEMPATH\CodeIgniter.php(355): CodeIgniter\CodeIgniter->handleRequest(null, Object(Config\Cache), false)
 6 SYSTEMPATH\Boot.php(325): CodeIgniter\CodeIgniter->run()
 7 SYSTEMPATH\Boot.php(67): CodeIgniter\Boot::runCodeIgniter(Object(CodeIgniter\CodeIgniter))
 8 FCPATH\index.php(56): CodeIgniter\Boot::bootWeb(Object(Config\Paths))
 9 SYSTEMPATH\rewrite.php(44): require_once('C:\\xampp\\htdocs\\coffee\\coffee\\public\\index.php')
INFO - 2024-09-19 18:42:58 --> Session: Class initialized using 'CodeIgniter\Session\Handlers\FileHandler' driver.
CRITICAL - 2024-09-19 18:43:02 --> ErrorException: Undefined array key 0
[Method: POST, Route: sales/salesByType]
in APPPATH\Controllers\GeneralController.php on line 54.
 1 APPPATH\Controllers\GeneralController.php(54): CodeIgniter\Debug\Exceptions->errorHandler(2, 'Undefined array key 0', 'C:\\xampp\\htdocs\\coffee\\coffee\\app\\Controllers\\GeneralController.php', 54)
 2 APPPATH\Controllers\DashboardController.php(40): App\Controllers\GeneralController->currentAccountingPeriod()
 3 SYSTEMPATH\CodeIgniter.php(933): App\Controllers\DashboardController->previousSales()
 4 SYSTEMPATH\CodeIgniter.php(509): CodeIgniter\CodeIgniter->runController(Object(App\Controllers\DashboardController))
 5 SYSTEMPATH\CodeIgniter.php(355): CodeIgniter\CodeIgniter->handleRequest(null, Object(Config\Cache), false)
 6 SYSTEMPATH\Boot.php(325): CodeIgniter\CodeIgniter->run()
 7 SYSTEMPATH\Boot.php(67): CodeIgniter\Boot::runCodeIgniter(Object(CodeIgniter\CodeIgniter))
 8 FCPATH\index.php(56): CodeIgniter\Boot::bootWeb(Object(Config\Paths))
 9 SYSTEMPATH\rewrite.php(44): require_once('C:\\xampp\\htdocs\\coffee\\coffee\\public\\index.php')
INFO - 2024-09-19 18:47:23 --> Session: Class initialized using 'CodeIgniter\Session\Handlers\FileHandler' driver.
CRITICAL - 2024-09-19 18:47:26 --> ErrorException: Undefined array key 0
[Method: POST, Route: sales/salesByType]
in APPPATH\Controllers\GeneralController.php on line 54.
 1 APPPATH\Controllers\GeneralController.php(54): CodeIgniter\Debug\Exceptions->errorHandler(2, 'Undefined array key 0', 'C:\\xampp\\htdocs\\coffee\\coffee\\app\\Controllers\\GeneralController.php', 54)
 2 APPPATH\Controllers\DashboardController.php(40): App\Controllers\GeneralController->currentAccountingPeriod()
 3 SYSTEMPATH\CodeIgniter.php(933): App\Controllers\DashboardController->previousSales()
 4 SYSTEMPATH\CodeIgniter.php(509): CodeIgniter\CodeIgniter->runController(Object(App\Controllers\DashboardController))
 5 SYSTEMPATH\CodeIgniter.php(355): CodeIgniter\CodeIgniter->handleRequest(null, Object(Config\Cache), false)
 6 SYSTEMPATH\Boot.php(325): CodeIgniter\CodeIgniter->run()
 7 SYSTEMPATH\Boot.php(67): CodeIgniter\Boot::runCodeIgniter(Object(CodeIgniter\CodeIgniter))
 8 FCPATH\index.php(56): CodeIgniter\Boot::bootWeb(Object(Config\Paths))
 9 SYSTEMPATH\rewrite.php(44): require_once('C:\\xampp\\htdocs\\coffee\\coffee\\public\\index.php')
INFO - 2024-09-19 18:51:37 --> Session: Class initialized using 'CodeIgniter\Session\Handlers\FileHandler' driver.
INFO - 2024-09-19 18:51:46 --> Session: Class initialized using 'CodeIgniter\Session\Handlers\FileHandler' driver.
INFO - 2024-09-19 18:56:40 --> Session: Class initialized using 'CodeIgniter\Session\Handlers\FileHandler' driver.
INFO - 2024-09-19 19:08:51 --> Session: Class initialized using 'CodeIgniter\Session\Handlers\FileHandler' driver.
INFO - 2024-09-19 19:09:31 --> Session: Class initialized using 'CodeIgniter\Session\Handlers\FileHandler' driver.
INFO - 2024-09-19 20:06:02 --> Session: Class initialized using 'CodeIgniter\Session\Handlers\FileHandler' driver.
INFO - 2024-09-19 20:14:14 --> Session: Class initialized using 'CodeIgniter\Session\Handlers\FileHandler' driver.
INFO - 2024-09-19 20:17:49 --> Session: Class initialized using 'CodeIgniter\Session\Handlers\FileHandler' driver.
INFO - 2024-09-19 20:18:47 --> Session: Class initialized using 'CodeIgniter\Session\Handlers\FileHandler' driver.
INFO - 2024-09-19 20:20:27 --> Session: Class initialized using 'CodeIgniter\Session\Handlers\FileHandler' driver.
