CRITICAL - 2024-07-29 15:22:38 --> CodeIgniter\View\Exceptions\ViewException: Invalid file: "widgets/login.php"
[Method: GET, Route: /]
in SYSTEMPATH\Exceptions\FrameworkException.php on line 41.
 1 SYSTEMPATH\View\View.php(222): CodeIgniter\Exceptions\FrameworkException::forInvalidFile('widgets/login.php')
 2 SYSTEMPATH\Common.php(1171): CodeIgniter\View\View->render('widgets/login', [], true)
 3 APPPATH\Controllers\AuthController.php(13): view('widgets/login')
 4 SYSTEMPATH\CodeIgniter.php(933): App\Controllers\AuthController->index()
 5 SYSTEMPATH\CodeIgniter.php(509): CodeIgniter\CodeIgniter->runController(Object(App\Controllers\AuthController))
 6 SYSTEMPATH\CodeIgniter.php(355): CodeIgniter\CodeIgniter->handleRequest(null, Object(Config\Cache), false)
 7 SYSTEMPATH\Boot.php(325): CodeIgniter\CodeIgniter->run()
 8 SYSTEMPATH\Boot.php(67): CodeIgniter\Boot::runCodeIgniter(Object(CodeIgniter\CodeIgniter))
 9 FCPATH\index.php(56): CodeIgniter\Boot::bootWeb(Object(Config\Paths))
10 SYSTEMPATH\rewrite.php(44): require_once('C:\\xampp\\htdocs\\coffee\\coffee\\public\\index.php')
CRITICAL - 2024-07-29 15:29:00 --> CodeIgniter\HTTP\Exceptions\BadRequestException: The URI you submitted has disallowed characters: "font-awesome.min.css')"
[Method: GET, Route: fonts/font-awesome-4.7.0/css/font-awesome.min.css%27%29]
in SYSTEMPATH\Router\Router.php on line 737.
 1 SYSTEMPATH\Router\Router.php(204): CodeIgniter\Router\Router->checkDisallowedChars('fonts/font-awesome-4.7.0/css/font-awesome.min.css\')')
 2 SYSTEMPATH\CodeIgniter.php(834): CodeIgniter\Router\Router->handle('fonts/font-awesome-4.7.0/css/font-awesome.min.css\')')
 3 SYSTEMPATH\CodeIgniter.php(457): CodeIgniter\CodeIgniter->tryToRouteIt(Object(CodeIgniter\Router\RouteCollection))
 4 SYSTEMPATH\CodeIgniter.php(355): CodeIgniter\CodeIgniter->handleRequest(null, Object(Config\Cache), false)
 5 SYSTEMPATH\Boot.php(325): CodeIgniter\CodeIgniter->run()
 6 SYSTEMPATH\Boot.php(67): CodeIgniter\Boot::runCodeIgniter(Object(CodeIgniter\CodeIgniter))
 7 FCPATH\index.php(56): CodeIgniter\Boot::bootWeb(Object(Config\Paths))
 8 SYSTEMPATH\rewrite.php(44): require_once('C:\\xampp\\htdocs\\coffee\\coffee\\public\\index.php')
ERROR - 2024-07-29 16:15:10 --> Error connecting to the database: mysqli_sql_exception: Access denied for user 'root'@'localhost' (using password: YES) in C:\xampp\htdocs\coffee\coffee\system\Database\MySQLi\Connection.php:186
Stack trace:
#0 C:\xampp\htdocs\coffee\coffee\system\Database\MySQLi\Connection.php(186): mysqli->real_connect('localhost', 'root', Object(SensitiveParameterValue), 'coffee', 3306, '', 0)
#1 C:\xampp\htdocs\coffee\coffee\system\Database\BaseConnection.php(421): CodeIgniter\Database\MySQLi\Connection->connect(false)
#2 C:\xampp\htdocs\coffee\coffee\system\Database\BaseConnection.php(616): CodeIgniter\Database\BaseConnection->initialize()
#3 C:\xampp\htdocs\coffee\coffee\system\Database\BaseConnection.php(1485): CodeIgniter\Database\BaseConnection->query('SHOW TABLES FRO...')
#4 C:\xampp\htdocs\coffee\coffee\system\Database\BaseConnection.php(1505): CodeIgniter\Database\BaseConnection->listTables()
#5 C:\xampp\htdocs\coffee\coffee\system\Database\MigrationRunner.php(759): CodeIgniter\Database\BaseConnection->tableExists('migrations')
#6 C:\xampp\htdocs\coffee\coffee\system\Database\MigrationRunner.php(163): CodeIgniter\Database\MigrationRunner->ensureTable()
#7 C:\xampp\htdocs\coffee\coffee\system\Commands\Database\Migrate.php(85): CodeIgniter\Database\MigrationRunner->latest(NULL)
#8 C:\xampp\htdocs\coffee\coffee\system\CLI\Commands.php(70): CodeIgniter\Commands\Database\Migrate->run(Array)
#9 C:\xampp\htdocs\coffee\coffee\system\CLI\Console.php(48): CodeIgniter\CLI\Commands->run('migrate', Array)
#10 C:\xampp\htdocs\coffee\coffee\system\Boot.php(351): CodeIgniter\CLI\Console->run()
#11 C:\xampp\htdocs\coffee\coffee\system\Boot.php(104): CodeIgniter\Boot::runCommand(Object(CodeIgniter\CLI\Console))
#12 C:\xampp\htdocs\coffee\coffee\spark(84): CodeIgniter\Boot::bootSpark(Object(Config\Paths))
#13 {main}

Next CodeIgniter\Database\Exceptions\DatabaseException: Access denied for user '****'@'localhost' (using password: YES) in C:\xampp\htdocs\coffee\coffee\system\Database\MySQLi\Connection.php:231
Stack trace:
#0 C:\xampp\htdocs\coffee\coffee\system\Database\BaseConnection.php(421): CodeIgniter\Database\MySQLi\Connection->connect(false)
#1 C:\xampp\htdocs\coffee\coffee\system\Database\BaseConnection.php(616): CodeIgniter\Database\BaseConnection->initialize()
#2 C:\xampp\htdocs\coffee\coffee\system\Database\BaseConnection.php(1485): CodeIgniter\Database\BaseConnection->query('SHOW TABLES FRO...')
#3 C:\xampp\htdocs\coffee\coffee\system\Database\BaseConnection.php(1505): CodeIgniter\Database\BaseConnection->listTables()
#4 C:\xampp\htdocs\coffee\coffee\system\Database\MigrationRunner.php(759): CodeIgniter\Database\BaseConnection->tableExists('migrations')
#5 C:\xampp\htdocs\coffee\coffee\system\Database\MigrationRunner.php(163): CodeIgniter\Database\MigrationRunner->ensureTable()
#6 C:\xampp\htdocs\coffee\coffee\system\Commands\Database\Migrate.php(85): CodeIgniter\Database\MigrationRunner->latest(NULL)
#7 C:\xampp\htdocs\coffee\coffee\system\CLI\Commands.php(70): CodeIgniter\Commands\Database\Migrate->run(Array)
#8 C:\xampp\htdocs\coffee\coffee\system\CLI\Console.php(48): CodeIgniter\CLI\Commands->run('migrate', Array)
#9 C:\xampp\htdocs\coffee\coffee\system\Boot.php(351): CodeIgniter\CLI\Console->run()
#10 C:\xampp\htdocs\coffee\coffee\system\Boot.php(104): CodeIgniter\Boot::runCommand(Object(CodeIgniter\CLI\Console))
#11 C:\xampp\htdocs\coffee\coffee\spark(84): CodeIgniter\Boot::bootSpark(Object(Config\Paths))
#12 {main}
INFO - 2024-07-29 16:43:42 --> Session: Class initialized using 'CodeIgniter\Session\Handlers\FileHandler' driver.
INFO - 2024-07-29 16:44:17 --> Session: Class initialized using 'CodeIgniter\Session\Handlers\FileHandler' driver.
INFO - 2024-07-29 16:44:34 --> Session: Class initialized using 'CodeIgniter\Session\Handlers\FileHandler' driver.
INFO - 2024-07-29 16:45:24 --> Session: Class initialized using 'CodeIgniter\Session\Handlers\FileHandler' driver.
INFO - 2024-07-29 16:45:44 --> Session: Class initialized using 'CodeIgniter\Session\Handlers\FileHandler' driver.
CRITICAL - 2024-07-29 16:45:44 --> ErrorException: Undefined array key "f
        lname"
[Method: POST, Route: login]
in APPPATH\Controllers\AuthController.php on line 35.
 1 APPPATH\Controllers\AuthController.php(35): CodeIgniter\Debug\Exceptions->errorHandler(2, 'Undefined array key "f
        lname"', 'C:\\xampp\\htdocs\\coffee\\coffee\\app\\Controllers\\AuthController.php', 35)
 2 SYSTEMPATH\CodeIgniter.php(933): App\Controllers\AuthController->login()
 3 SYSTEMPATH\CodeIgniter.php(509): CodeIgniter\CodeIgniter->runController(Object(App\Controllers\AuthController))
 4 SYSTEMPATH\CodeIgniter.php(355): CodeIgniter\CodeIgniter->handleRequest(null, Object(Config\Cache), false)
 5 SYSTEMPATH\Boot.php(325): CodeIgniter\CodeIgniter->run()
 6 SYSTEMPATH\Boot.php(67): CodeIgniter\Boot::runCodeIgniter(Object(CodeIgniter\CodeIgniter))
 7 FCPATH\index.php(56): CodeIgniter\Boot::bootWeb(Object(Config\Paths))
 8 SYSTEMPATH\rewrite.php(44): require_once('C:\\xampp\\htdocs\\coffee\\coffee\\public\\index.php')
INFO - 2024-07-29 16:46:16 --> Session: Class initialized using 'CodeIgniter\Session\Handlers\FileHandler' driver.
CRITICAL - 2024-07-29 16:56:33 --> ErrorException: Undefined variable $userName
[Method: GET, Route: home]
in APPPATH\Views\dashboard\index.php on line 8.
 1 APPPATH\Views\dashboard\index.php(8): CodeIgniter\Debug\Exceptions->errorHandler(2, 'Undefined variable $userName', 'C:\\xampp\\htdocs\\coffee\\coffee\\app\\Views\\dashboard\\index.php', 8)
 2 SYSTEMPATH\View\View.php(234): include('C:\\xampp\\htdocs\\coffee\\coffee\\app\\Views\\dashboard\\index.php')
 3 SYSTEMPATH\View\View.php(237): CodeIgniter\View\View->CodeIgniter\View\{closure}()
 4 SYSTEMPATH\Common.php(1171): CodeIgniter\View\View->render('dashboard/index', [], true)
 5 APPPATH\Controllers\DashboardController.php(13): view('dashboard/index', [...])
 6 SYSTEMPATH\CodeIgniter.php(933): App\Controllers\DashboardController->index()
 7 SYSTEMPATH\CodeIgniter.php(509): CodeIgniter\CodeIgniter->runController(Object(App\Controllers\DashboardController))
 8 SYSTEMPATH\CodeIgniter.php(355): CodeIgniter\CodeIgniter->handleRequest(null, Object(Config\Cache), false)
 9 SYSTEMPATH\Boot.php(325): CodeIgniter\CodeIgniter->run()
10 SYSTEMPATH\Boot.php(67): CodeIgniter\Boot::runCodeIgniter(Object(CodeIgniter\CodeIgniter))
11 FCPATH\index.php(56): CodeIgniter\Boot::bootWeb(Object(Config\Paths))
12 SYSTEMPATH\rewrite.php(44): require_once('C:\\xampp\\htdocs\\coffee\\coffee\\public\\index.php')
INFO - 2024-07-29 17:10:39 --> Session: Class initialized using 'CodeIgniter\Session\Handlers\FileHandler' driver.
INFO - 2024-07-29 17:10:49 --> Session: Class initialized using 'CodeIgniter\Session\Handlers\FileHandler' driver.
INFO - 2024-07-29 17:11:20 --> Session: Class initialized using 'CodeIgniter\Session\Handlers\FileHandler' driver.
INFO - 2024-07-29 17:11:20 --> Session: Class initialized using 'CodeIgniter\Session\Handlers\FileHandler' driver.
INFO - 2024-07-29 17:13:13 --> Session: Class initialized using 'CodeIgniter\Session\Handlers\FileHandler' driver.
INFO - 2024-07-29 17:13:35 --> Session: Class initialized using 'CodeIgniter\Session\Handlers\FileHandler' driver.
INFO - 2024-07-29 17:14:59 --> Session: Class initialized using 'CodeIgniter\Session\Handlers\FileHandler' driver.
CRITICAL - 2024-07-29 17:14:59 --> ErrorException: Undefined variable $userName
[Method: GET, Route: home]
in APPPATH\Views\dashboard\index.php on line 8.
 1 APPPATH\Views\dashboard\index.php(8): CodeIgniter\Debug\Exceptions->errorHandler(2, 'Undefined variable $userName', 'C:\\xampp\\htdocs\\coffee\\coffee\\app\\Views\\dashboard\\index.php', 8)
 2 SYSTEMPATH\View\View.php(234): include('C:\\xampp\\htdocs\\coffee\\coffee\\app\\Views\\dashboard\\index.php')
 3 SYSTEMPATH\View\View.php(237): CodeIgniter\View\View->CodeIgniter\View\{closure}()
 4 SYSTEMPATH\Common.php(1171): CodeIgniter\View\View->render('dashboard/index', [], true)
 5 APPPATH\Controllers\DashboardController.php(16): view('dashboard/index', [...])
 6 SYSTEMPATH\CodeIgniter.php(933): App\Controllers\DashboardController->index()
 7 SYSTEMPATH\CodeIgniter.php(509): CodeIgniter\CodeIgniter->runController(Object(App\Controllers\DashboardController))
 8 SYSTEMPATH\CodeIgniter.php(355): CodeIgniter\CodeIgniter->handleRequest(null, Object(Config\Cache), false)
 9 SYSTEMPATH\Boot.php(325): CodeIgniter\CodeIgniter->run()
10 SYSTEMPATH\Boot.php(67): CodeIgniter\Boot::runCodeIgniter(Object(CodeIgniter\CodeIgniter))
11 FCPATH\index.php(56): CodeIgniter\Boot::bootWeb(Object(Config\Paths))
12 SYSTEMPATH\rewrite.php(44): require_once('C:\\xampp\\htdocs\\coffee\\coffee\\public\\index.php')
INFO - 2024-07-29 17:15:39 --> Session: Class initialized using 'CodeIgniter\Session\Handlers\FileHandler' driver.
INFO - 2024-07-29 17:15:48 --> Session: Class initialized using 'CodeIgniter\Session\Handlers\FileHandler' driver.
INFO - 2024-07-29 17:15:52 --> Session: Class initialized using 'CodeIgniter\Session\Handlers\FileHandler' driver.
INFO - 2024-07-29 17:15:53 --> Session: Class initialized using 'CodeIgniter\Session\Handlers\FileHandler' driver.
ERROR - 2024-07-29 18:23:13 --> Error connecting to the database: mysqli_sql_exception: Access denied for user 'root'@'localhost' (using password: NO) in C:\wamp64\www\coffee\system\Database\MySQLi\Connection.php:187
Stack trace:
#0 C:\wamp64\www\coffee\system\Database\MySQLi\Connection.php(187): mysqli->real_connect('localhost', 'root', '', 'coffee', 3306, '', 0)
#1 C:\wamp64\www\coffee\system\Database\BaseConnection.php(421): CodeIgniter\Database\MySQLi\Connection->connect(false)
#2 C:\wamp64\www\coffee\system\Database\BaseConnection.php(616): CodeIgniter\Database\BaseConnection->initialize()
#3 C:\wamp64\www\coffee\system\Database\BaseConnection.php(1485): CodeIgniter\Database\BaseConnection->query('SHOW TABLES FRO...')
#4 C:\wamp64\www\coffee\system\Database\BaseConnection.php(1505): CodeIgniter\Database\BaseConnection->listTables()
#5 C:\wamp64\www\coffee\system\Database\MigrationRunner.php(759): CodeIgniter\Database\BaseConnection->tableExists('migrations')
#6 C:\wamp64\www\coffee\system\Database\MigrationRunner.php(163): CodeIgniter\Database\MigrationRunner->ensureTable()
#7 C:\wamp64\www\coffee\system\Commands\Database\Migrate.php(85): CodeIgniter\Database\MigrationRunner->latest(NULL)
#8 C:\wamp64\www\coffee\system\CLI\Commands.php(70): CodeIgniter\Commands\Database\Migrate->run(Array)
#9 C:\wamp64\www\coffee\system\CLI\Console.php(48): CodeIgniter\CLI\Commands->run('migrate', Array)
#10 C:\wamp64\www\coffee\system\Boot.php(351): CodeIgniter\CLI\Console->run()
#11 C:\wamp64\www\coffee\system\Boot.php(104): CodeIgniter\Boot::runCommand(Object(CodeIgniter\CLI\Console))
#12 C:\wamp64\www\coffee\spark(84): CodeIgniter\Boot::bootSpark(Object(Config\Paths))
#13 {main}

Next CodeIgniter\Database\Exceptions\DatabaseException: Access denied for user '****'@'localhost' (using password: NO) in C:\wamp64\www\coffee\system\Database\MySQLi\Connection.php:231
Stack trace:
#0 C:\wamp64\www\coffee\system\Database\BaseConnection.php(421): CodeIgniter\Database\MySQLi\Connection->connect(false)
#1 C:\wamp64\www\coffee\system\Database\BaseConnection.php(616): CodeIgniter\Database\BaseConnection->initialize()
#2 C:\wamp64\www\coffee\system\Database\BaseConnection.php(1485): CodeIgniter\Database\BaseConnection->query('SHOW TABLES FRO...')
#3 C:\wamp64\www\coffee\system\Database\BaseConnection.php(1505): CodeIgniter\Database\BaseConnection->listTables()
#4 C:\wamp64\www\coffee\system\Database\MigrationRunner.php(759): CodeIgniter\Database\BaseConnection->tableExists('migrations')
#5 C:\wamp64\www\coffee\system\Database\MigrationRunner.php(163): CodeIgniter\Database\MigrationRunner->ensureTable()
#6 C:\wamp64\www\coffee\system\Commands\Database\Migrate.php(85): CodeIgniter\Database\MigrationRunner->latest(NULL)
#7 C:\wamp64\www\coffee\system\CLI\Commands.php(70): CodeIgniter\Commands\Database\Migrate->run(Array)
#8 C:\wamp64\www\coffee\system\CLI\Console.php(48): CodeIgniter\CLI\Commands->run('migrate', Array)
#9 C:\wamp64\www\coffee\system\Boot.php(351): CodeIgniter\CLI\Console->run()
#10 C:\wamp64\www\coffee\system\Boot.php(104): CodeIgniter\Boot::runCommand(Object(CodeIgniter\CLI\Console))
#11 C:\wamp64\www\coffee\spark(84): CodeIgniter\Boot::bootSpark(Object(Config\Paths))
#12 {main}
ERROR - 2024-07-29 18:29:40 --> Error connecting to the database: mysqli_sql_exception: Access denied for user 'root'@'localhost' (using password: NO) in C:\wamp64\www\coffee\system\Database\MySQLi\Connection.php:187
Stack trace:
#0 C:\wamp64\www\coffee\system\Database\MySQLi\Connection.php(187): mysqli->real_connect('localhost', 'root', '', 'coffee', 3306, '', 0)
#1 C:\wamp64\www\coffee\system\Database\BaseConnection.php(421): CodeIgniter\Database\MySQLi\Connection->connect(false)
#2 C:\wamp64\www\coffee\system\Database\BaseConnection.php(616): CodeIgniter\Database\BaseConnection->initialize()
#3 C:\wamp64\www\coffee\system\Database\BaseConnection.php(1485): CodeIgniter\Database\BaseConnection->query('SHOW TABLES FRO...')
#4 C:\wamp64\www\coffee\system\Database\BaseConnection.php(1505): CodeIgniter\Database\BaseConnection->listTables()
#5 C:\wamp64\www\coffee\system\Database\MigrationRunner.php(759): CodeIgniter\Database\BaseConnection->tableExists('migrations')
#6 C:\wamp64\www\coffee\system\Database\MigrationRunner.php(163): CodeIgniter\Database\MigrationRunner->ensureTable()
#7 C:\wamp64\www\coffee\system\Commands\Database\Migrate.php(85): CodeIgniter\Database\MigrationRunner->latest(NULL)
#8 C:\wamp64\www\coffee\system\CLI\Commands.php(70): CodeIgniter\Commands\Database\Migrate->run(Array)
#9 C:\wamp64\www\coffee\system\CLI\Console.php(48): CodeIgniter\CLI\Commands->run('migrate', Array)
#10 C:\wamp64\www\coffee\system\Boot.php(351): CodeIgniter\CLI\Console->run()
#11 C:\wamp64\www\coffee\system\Boot.php(104): CodeIgniter\Boot::runCommand(Object(CodeIgniter\CLI\Console))
#12 C:\wamp64\www\coffee\spark(84): CodeIgniter\Boot::bootSpark(Object(Config\Paths))
#13 {main}

Next CodeIgniter\Database\Exceptions\DatabaseException: Access denied for user '****'@'localhost' (using password: NO) in C:\wamp64\www\coffee\system\Database\MySQLi\Connection.php:231
Stack trace:
#0 C:\wamp64\www\coffee\system\Database\BaseConnection.php(421): CodeIgniter\Database\MySQLi\Connection->connect(false)
#1 C:\wamp64\www\coffee\system\Database\BaseConnection.php(616): CodeIgniter\Database\BaseConnection->initialize()
#2 C:\wamp64\www\coffee\system\Database\BaseConnection.php(1485): CodeIgniter\Database\BaseConnection->query('SHOW TABLES FRO...')
#3 C:\wamp64\www\coffee\system\Database\BaseConnection.php(1505): CodeIgniter\Database\BaseConnection->listTables()
#4 C:\wamp64\www\coffee\system\Database\MigrationRunner.php(759): CodeIgniter\Database\BaseConnection->tableExists('migrations')
#5 C:\wamp64\www\coffee\system\Database\MigrationRunner.php(163): CodeIgniter\Database\MigrationRunner->ensureTable()
#6 C:\wamp64\www\coffee\system\Commands\Database\Migrate.php(85): CodeIgniter\Database\MigrationRunner->latest(NULL)
#7 C:\wamp64\www\coffee\system\CLI\Commands.php(70): CodeIgniter\Commands\Database\Migrate->run(Array)
#8 C:\wamp64\www\coffee\system\CLI\Console.php(48): CodeIgniter\CLI\Commands->run('migrate', Array)
#9 C:\wamp64\www\coffee\system\Boot.php(351): CodeIgniter\CLI\Console->run()
#10 C:\wamp64\www\coffee\system\Boot.php(104): CodeIgniter\Boot::runCommand(Object(CodeIgniter\CLI\Console))
#11 C:\wamp64\www\coffee\spark(84): CodeIgniter\Boot::bootSpark(Object(Config\Paths))
#12 {main}
ERROR - 2024-07-29 18:30:04 --> Error connecting to the database: mysqli_sql_exception: Access denied for user 'root'@'localhost' (using password: NO) in C:\wamp64\www\coffee\system\Database\MySQLi\Connection.php:187
Stack trace:
#0 C:\wamp64\www\coffee\system\Database\MySQLi\Connection.php(187): mysqli->real_connect('localhost', 'root', '', 'coffee', 3306, '', 0)
#1 C:\wamp64\www\coffee\system\Database\BaseConnection.php(421): CodeIgniter\Database\MySQLi\Connection->connect(false)
#2 C:\wamp64\www\coffee\system\Database\BaseConnection.php(616): CodeIgniter\Database\BaseConnection->initialize()
#3 C:\wamp64\www\coffee\app\Models\GradesModel.php(21): CodeIgniter\Database\BaseConnection->query('SELECT type_id,...')
#4 C:\wamp64\www\coffee\app\Controllers\CoffeeGradesController.php(21): App\Models\GradesModel->getCoffeeTypes()
#5 C:\wamp64\www\coffee\system\CodeIgniter.php(933): App\Controllers\CoffeeGradesController->coffeeGrades()
#6 C:\wamp64\www\coffee\system\CodeIgniter.php(509): CodeIgniter\CodeIgniter->runController(Object(App\Controllers\CoffeeGradesController))
#7 C:\wamp64\www\coffee\system\CodeIgniter.php(355): CodeIgniter\CodeIgniter->handleRequest(NULL, Object(Config\Cache), false)
#8 C:\wamp64\www\coffee\system\Boot.php(325): CodeIgniter\CodeIgniter->run()
#9 C:\wamp64\www\coffee\system\Boot.php(67): CodeIgniter\Boot::runCodeIgniter(Object(CodeIgniter\CodeIgniter))
#10 C:\wamp64\www\coffee\public\index.php(56): CodeIgniter\Boot::bootWeb(Object(Config\Paths))
#11 {main}

Next CodeIgniter\Database\Exceptions\DatabaseException: Access denied for user '****'@'localhost' (using password: NO) in C:\wamp64\www\coffee\system\Database\MySQLi\Connection.php:231
Stack trace:
#0 C:\wamp64\www\coffee\system\Database\BaseConnection.php(421): CodeIgniter\Database\MySQLi\Connection->connect(false)
#1 C:\wamp64\www\coffee\system\Database\BaseConnection.php(616): CodeIgniter\Database\BaseConnection->initialize()
#2 C:\wamp64\www\coffee\app\Models\GradesModel.php(21): CodeIgniter\Database\BaseConnection->query('SELECT type_id,...')
#3 C:\wamp64\www\coffee\app\Controllers\CoffeeGradesController.php(21): App\Models\GradesModel->getCoffeeTypes()
#4 C:\wamp64\www\coffee\system\CodeIgniter.php(933): App\Controllers\CoffeeGradesController->coffeeGrades()
#5 C:\wamp64\www\coffee\system\CodeIgniter.php(509): CodeIgniter\CodeIgniter->runController(Object(App\Controllers\CoffeeGradesController))
#6 C:\wamp64\www\coffee\system\CodeIgniter.php(355): CodeIgniter\CodeIgniter->handleRequest(NULL, Object(Config\Cache), false)
#7 C:\wamp64\www\coffee\system\Boot.php(325): CodeIgniter\CodeIgniter->run()
#8 C:\wamp64\www\coffee\system\Boot.php(67): CodeIgniter\Boot::runCodeIgniter(Object(CodeIgniter\CodeIgniter))
#9 C:\wamp64\www\coffee\public\index.php(56): CodeIgniter\Boot::bootWeb(Object(Config\Paths))
#10 {main}
CRITICAL - 2024-07-29 18:30:04 --> CodeIgniter\Database\Exceptions\DatabaseException: Unable to connect to the database.
Main connection [MySQLi]: Access denied for user '****'@'localhost' (using password: NO)
[Method: GET, Route: admin/coffee-grades]
in SYSTEMPATH\Database\BaseConnection.php on line 467.
 1 SYSTEMPATH\Database\BaseConnection.php(616): CodeIgniter\Database\BaseConnection->initialize()
 2 APPPATH\Models\GradesModel.php(21): CodeIgniter\Database\BaseConnection->query('SELECT type_id, type_name FROM coffee_types')
 3 APPPATH\Controllers\CoffeeGradesController.php(21): App\Models\GradesModel->getCoffeeTypes()
 4 SYSTEMPATH\CodeIgniter.php(933): App\Controllers\CoffeeGradesController->coffeeGrades()
 5 SYSTEMPATH\CodeIgniter.php(509): CodeIgniter\CodeIgniter->runController(Object(App\Controllers\CoffeeGradesController))
 6 SYSTEMPATH\CodeIgniter.php(355): CodeIgniter\CodeIgniter->handleRequest(null, Object(Config\Cache), false)
 7 SYSTEMPATH\Boot.php(325): CodeIgniter\CodeIgniter->run()
 8 SYSTEMPATH\Boot.php(67): CodeIgniter\Boot::runCodeIgniter(Object(CodeIgniter\CodeIgniter))
 9 FCPATH\index.php(56): CodeIgniter\Boot::bootWeb(Object(Config\Paths))
CRITICAL - 2024-07-29 18:35:28 --> ErrorException: Undefined variable $commonData
[Method: GET, Route: admin/coffee-grades]
in APPPATH\Views\partials\main.php on line 245.
 1 APPPATH\Views\partials\main.php(245): CodeIgniter\Debug\Exceptions->errorHandler(2, 'Undefined variable $commonData', 'C:\\wamp64\\www\\coffee\\app\\Views\\partials\\main.php', 245)
 2 SYSTEMPATH\View\View.php(234): include('C:\\wamp64\\www\\coffee\\app\\Views\\partials\\main.php')
 3 SYSTEMPATH\View\View.php(237): CodeIgniter\View\View->CodeIgniter\View\{closure}()
 4 SYSTEMPATH\View\View.php(250): CodeIgniter\View\View->render('partials/main', [], true)
 5 SYSTEMPATH\Common.php(1171): CodeIgniter\View\View->render('coffee/coffeeGrades', [], true)
 6 APPPATH\Controllers\CoffeeGradesController.php(22): view('coffee/coffeeGrades', [...])
 7 SYSTEMPATH\CodeIgniter.php(933): App\Controllers\CoffeeGradesController->coffeeGrades()
 8 SYSTEMPATH\CodeIgniter.php(509): CodeIgniter\CodeIgniter->runController(Object(App\Controllers\CoffeeGradesController))
 9 SYSTEMPATH\CodeIgniter.php(355): CodeIgniter\CodeIgniter->handleRequest(null, Object(Config\Cache), false)
10 SYSTEMPATH\Boot.php(325): CodeIgniter\CodeIgniter->run()
11 SYSTEMPATH\Boot.php(67): CodeIgniter\Boot::runCodeIgniter(Object(CodeIgniter\CodeIgniter))
12 FCPATH\index.php(56): CodeIgniter\Boot::bootWeb(Object(Config\Paths))
INFO - 2024-07-29 18:36:30 --> Session: Class initialized using 'CodeIgniter\Session\Handlers\FileHandler' driver.
INFO - 2024-07-29 18:36:31 --> Session: Class initialized using 'CodeIgniter\Session\Handlers\FileHandler' driver.
CRITICAL - 2024-07-29 18:37:10 --> ErrorException: Undefined variable $commonData
[Method: GET, Route: admin/coffee-grades]
in APPPATH\Views\partials\main.php on line 245.
 1 APPPATH\Views\partials\main.php(245): CodeIgniter\Debug\Exceptions->errorHandler(2, 'Undefined variable $commonData', 'C:\\wamp64\\www\\coffee\\app\\Views\\partials\\main.php', 245)
 2 SYSTEMPATH\View\View.php(234): include('C:\\wamp64\\www\\coffee\\app\\Views\\partials\\main.php')
 3 SYSTEMPATH\View\View.php(237): CodeIgniter\View\View->CodeIgniter\View\{closure}()
 4 SYSTEMPATH\View\View.php(250): CodeIgniter\View\View->render('partials/main', [], true)
 5 SYSTEMPATH\Common.php(1171): CodeIgniter\View\View->render('coffee/coffeeGrades', [], true)
 6 APPPATH\Controllers\CoffeeGradesController.php(22): view('coffee/coffeeGrades', [...])
 7 SYSTEMPATH\CodeIgniter.php(933): App\Controllers\CoffeeGradesController->coffeeGrades()
 8 SYSTEMPATH\CodeIgniter.php(509): CodeIgniter\CodeIgniter->runController(Object(App\Controllers\CoffeeGradesController))
 9 SYSTEMPATH\CodeIgniter.php(355): CodeIgniter\CodeIgniter->handleRequest(null, Object(Config\Cache), false)
10 SYSTEMPATH\Boot.php(325): CodeIgniter\CodeIgniter->run()
11 SYSTEMPATH\Boot.php(67): CodeIgniter\Boot::runCodeIgniter(Object(CodeIgniter\CodeIgniter))
12 FCPATH\index.php(56): CodeIgniter\Boot::bootWeb(Object(Config\Paths))
INFO - 2024-07-29 18:40:38 --> Session: Class initialized using 'CodeIgniter\Session\Handlers\FileHandler' driver.
CRITICAL - 2024-07-29 18:41:12 --> ErrorException: Undefined variable $commonData
[Method: GET, Route: admin/coffee-grades]
in APPPATH\Views\partials\main.php on line 245.
 1 APPPATH\Views\partials\main.php(245): CodeIgniter\Debug\Exceptions->errorHandler(2, 'Undefined variable $commonData', 'C:\\wamp64\\www\\coffee\\app\\Views\\partials\\main.php', 245)
 2 SYSTEMPATH\View\View.php(234): include('C:\\wamp64\\www\\coffee\\app\\Views\\partials\\main.php')
 3 SYSTEMPATH\View\View.php(237): CodeIgniter\View\View->CodeIgniter\View\{closure}()
 4 SYSTEMPATH\View\View.php(250): CodeIgniter\View\View->render('partials/main', [], true)
 5 SYSTEMPATH\Common.php(1171): CodeIgniter\View\View->render('coffee/coffeeGrades', [], true)
 6 APPPATH\Controllers\CoffeeGradesController.php(23): view('coffee/coffeeGrades', [...])
 7 SYSTEMPATH\CodeIgniter.php(933): App\Controllers\CoffeeGradesController->coffeeGrades()
 8 SYSTEMPATH\CodeIgniter.php(509): CodeIgniter\CodeIgniter->runController(Object(App\Controllers\CoffeeGradesController))
 9 SYSTEMPATH\CodeIgniter.php(355): CodeIgniter\CodeIgniter->handleRequest(null, Object(Config\Cache), false)
10 SYSTEMPATH\Boot.php(325): CodeIgniter\CodeIgniter->run()
11 SYSTEMPATH\Boot.php(67): CodeIgniter\Boot::runCodeIgniter(Object(CodeIgniter\CodeIgniter))
12 FCPATH\index.php(56): CodeIgniter\Boot::bootWeb(Object(Config\Paths))
CRITICAL - 2024-07-29 18:46:56 --> ErrorException: Undefined variable $commonData
[Method: GET, Route: admin/coffee-grades]
in APPPATH\Views\partials\main.php on line 245.
 1 APPPATH\Views\partials\main.php(245): CodeIgniter\Debug\Exceptions->errorHandler(2, 'Undefined variable $commonData', 'C:\\wamp64\\www\\coffee\\app\\Views\\partials\\main.php', 245)
 2 SYSTEMPATH\View\View.php(234): include('C:\\wamp64\\www\\coffee\\app\\Views\\partials\\main.php')
 3 SYSTEMPATH\View\View.php(237): CodeIgniter\View\View->CodeIgniter\View\{closure}()
 4 SYSTEMPATH\View\View.php(250): CodeIgniter\View\View->render('partials/main', [], true)
 5 SYSTEMPATH\Common.php(1171): CodeIgniter\View\View->render('coffee/coffeeGrades', [], true)
 6 APPPATH\Controllers\CoffeeGradesController.php(24): view('coffee/coffeeGrades', [...])
 7 SYSTEMPATH\CodeIgniter.php(933): App\Controllers\CoffeeGradesController->coffeeGrades()
 8 SYSTEMPATH\CodeIgniter.php(509): CodeIgniter\CodeIgniter->runController(Object(App\Controllers\CoffeeGradesController))
 9 SYSTEMPATH\CodeIgniter.php(355): CodeIgniter\CodeIgniter->handleRequest(null, Object(Config\Cache), false)
10 SYSTEMPATH\Boot.php(325): CodeIgniter\CodeIgniter->run()
11 SYSTEMPATH\Boot.php(67): CodeIgniter\Boot::runCodeIgniter(Object(CodeIgniter\CodeIgniter))
12 FCPATH\index.php(56): CodeIgniter\Boot::bootWeb(Object(Config\Paths))
INFO - 2024-07-29 18:50:27 --> Session: Class initialized using 'CodeIgniter\Session\Handlers\FileHandler' driver.
INFO - 2024-07-29 18:54:28 --> Session: Class initialized using 'CodeIgniter\Session\Handlers\FileHandler' driver.
INFO - 2024-07-29 18:57:37 --> Session: Class initialized using 'CodeIgniter\Session\Handlers\FileHandler' driver.
INFO - 2024-07-29 18:58:17 --> Session: Class initialized using 'CodeIgniter\Session\Handlers\FileHandler' driver.
INFO - 2024-07-29 19:00:00 --> Session: Class initialized using 'CodeIgniter\Session\Handlers\FileHandler' driver.
INFO - 2024-07-29 19:06:34 --> Session: Class initialized using 'CodeIgniter\Session\Handlers\FileHandler' driver.
INFO - 2024-07-29 19:45:19 --> Session: Class initialized using 'CodeIgniter\Session\Handlers\FileHandler' driver.
INFO - 2024-07-29 19:45:40 --> Session: Class initialized using 'CodeIgniter\Session\Handlers\FileHandler' driver.
INFO - 2024-07-29 20:04:58 --> Session: Class initialized using 'CodeIgniter\Session\Handlers\FileHandler' driver.
INFO - 2024-07-29 20:06:19 --> Session: Class initialized using 'CodeIgniter\Session\Handlers\FileHandler' driver.
INFO - 2024-07-29 20:07:01 --> Session: Class initialized using 'CodeIgniter\Session\Handlers\FileHandler' driver.
INFO - 2024-07-29 20:08:40 --> Session: Class initialized using 'CodeIgniter\Session\Handlers\FileHandler' driver.
ERROR - 2024-07-29 20:09:20 --> mysqli_sql_exception: Unknown column 'grade_code' in 'field list' in C:\wamp64\www\coffee\system\Database\MySQLi\Connection.php:312
Stack trace:
#0 C:\wamp64\www\coffee\system\Database\MySQLi\Connection.php(312): mysqli->query('INSERT INTO `gr...', 0)
#1 C:\wamp64\www\coffee\system\Database\BaseConnection.php(734): CodeIgniter\Database\MySQLi\Connection->execute('INSERT INTO `gr...')
#2 C:\wamp64\www\coffee\system\Database\BaseConnection.php(648): CodeIgniter\Database\BaseConnection->simpleQuery('INSERT INTO `gr...')
#3 C:\wamp64\www\coffee\system\Database\BaseBuilder.php(2332): CodeIgniter\Database\BaseConnection->query('INSERT INTO `gr...', Array, false)
#4 C:\wamp64\www\coffee\app\Models\GradesModel.php(104): CodeIgniter\Database\BaseBuilder->insert(Array)
#5 C:\wamp64\www\coffee\app\Controllers\CoffeeGradesController.php(96): App\Models\GradesModel->addGrade(Array)
#6 C:\wamp64\www\coffee\system\CodeIgniter.php(933): App\Controllers\CoffeeGradesController->addGrade()
#7 C:\wamp64\www\coffee\system\CodeIgniter.php(509): CodeIgniter\CodeIgniter->runController(Object(App\Controllers\CoffeeGradesController))
#8 C:\wamp64\www\coffee\system\CodeIgniter.php(355): CodeIgniter\CodeIgniter->handleRequest(NULL, Object(Config\Cache), false)
#9 C:\wamp64\www\coffee\system\Boot.php(325): CodeIgniter\CodeIgniter->run()
#10 C:\wamp64\www\coffee\system\Boot.php(67): CodeIgniter\Boot::runCodeIgniter(Object(CodeIgniter\CodeIgniter))
#11 C:\wamp64\www\coffee\public\index.php(56): CodeIgniter\Boot::bootWeb(Object(Config\Paths))
#12 {main}
CRITICAL - 2024-07-29 20:09:20 --> CodeIgniter\Database\Exceptions\DatabaseException: Unknown column 'grade_code' in 'field list'
[Method: POST, Route: grades/addGrade]
in SYSTEMPATH\Database\BaseConnection.php on line 688.
 1 SYSTEMPATH\Database\BaseBuilder.php(2332): CodeIgniter\Database\BaseConnection->query('INSERT INTO `grade_groups` (`fpo`, `grade_code`, `grade_name`, `category_id`, `unit`, `group_id`) VALUES (:fpo:, :grade_code:, :grade_name:, :category_id:, :unit:, :group_id:)', [...], false)
 2 APPPATH\Models\GradesModel.php(104): CodeIgniter\Database\BaseBuilder->insert([...])
 3 APPPATH\Controllers\CoffeeGradesController.php(96): App\Models\GradesModel->addGrade([...])
 4 SYSTEMPATH\CodeIgniter.php(933): App\Controllers\CoffeeGradesController->addGrade()
 5 SYSTEMPATH\CodeIgniter.php(509): CodeIgniter\CodeIgniter->runController(Object(App\Controllers\CoffeeGradesController))
 6 SYSTEMPATH\CodeIgniter.php(355): CodeIgniter\CodeIgniter->handleRequest(null, Object(Config\Cache), false)
 7 SYSTEMPATH\Boot.php(325): CodeIgniter\CodeIgniter->run()
 8 SYSTEMPATH\Boot.php(67): CodeIgniter\Boot::runCodeIgniter(Object(CodeIgniter\CodeIgniter))
 9 FCPATH\index.php(56): CodeIgniter\Boot::bootWeb(Object(Config\Paths))
CRITICAL - 2024-07-29 20:09:20 --> [Caused by] CodeIgniter\Database\Exceptions\DatabaseException: Unknown column 'grade_code' in 'field list'
in SYSTEMPATH\Database\MySQLi\Connection.php on line 317.
 1 SYSTEMPATH\Database\BaseConnection.php(734): CodeIgniter\Database\MySQLi\Connection->execute('INSERT INTO `grade_groups` (`fpo`, `grade_code`, `grade_name`, `category_id`, `unit`, `group_id`) VALUES (1, \'NRSC18\', \'Natural Robusta Screen 1800\', \'9\', \'Kg\', \'1\')')
 2 SYSTEMPATH\Database\BaseConnection.php(648): CodeIgniter\Database\BaseConnection->simpleQuery('INSERT INTO `grade_groups` (`fpo`, `grade_code`, `grade_name`, `category_id`, `unit`, `group_id`) VALUES (1, \'NRSC18\', \'Natural Robusta Screen 1800\', \'9\', \'Kg\', \'1\')')
 3 SYSTEMPATH\Database\BaseBuilder.php(2332): CodeIgniter\Database\BaseConnection->query('INSERT INTO `grade_groups` (`fpo`, `grade_code`, `grade_name`, `category_id`, `unit`, `group_id`) VALUES (:fpo:, :grade_code:, :grade_name:, :category_id:, :unit:, :group_id:)', [...], false)
 4 APPPATH\Models\GradesModel.php(104): CodeIgniter\Database\BaseBuilder->insert([...])
 5 APPPATH\Controllers\CoffeeGradesController.php(96): App\Models\GradesModel->addGrade([...])
 6 SYSTEMPATH\CodeIgniter.php(933): App\Controllers\CoffeeGradesController->addGrade()
 7 SYSTEMPATH\CodeIgniter.php(509): CodeIgniter\CodeIgniter->runController(Object(App\Controllers\CoffeeGradesController))
 8 SYSTEMPATH\CodeIgniter.php(355): CodeIgniter\CodeIgniter->handleRequest(null, Object(Config\Cache), false)
 9 SYSTEMPATH\Boot.php(325): CodeIgniter\CodeIgniter->run()
10 SYSTEMPATH\Boot.php(67): CodeIgniter\Boot::runCodeIgniter(Object(CodeIgniter\CodeIgniter))
11 FCPATH\index.php(56): CodeIgniter\Boot::bootWeb(Object(Config\Paths))
CRITICAL - 2024-07-29 20:09:20 --> [Caused by] mysqli_sql_exception: Unknown column 'grade_code' in 'field list'
in SYSTEMPATH\Database\MySQLi\Connection.php on line 312.
 1 SYSTEMPATH\Database\MySQLi\Connection.php(312): mysqli->query('INSERT INTO `grade_groups` (`fpo`, `grade_code`, `grade_name`, `category_id`, `unit`, `group_id`) VALUES (1, \'NRSC18\', \'Natural Robusta Screen 1800\', \'9\', \'Kg\', \'1\')', 0)
 2 SYSTEMPATH\Database\BaseConnection.php(734): CodeIgniter\Database\MySQLi\Connection->execute('INSERT INTO `grade_groups` (`fpo`, `grade_code`, `grade_name`, `category_id`, `unit`, `group_id`) VALUES (1, \'NRSC18\', \'Natural Robusta Screen 1800\', \'9\', \'Kg\', \'1\')')
 3 SYSTEMPATH\Database\BaseConnection.php(648): CodeIgniter\Database\BaseConnection->simpleQuery('INSERT INTO `grade_groups` (`fpo`, `grade_code`, `grade_name`, `category_id`, `unit`, `group_id`) VALUES (1, \'NRSC18\', \'Natural Robusta Screen 1800\', \'9\', \'Kg\', \'1\')')
 4 SYSTEMPATH\Database\BaseBuilder.php(2332): CodeIgniter\Database\BaseConnection->query('INSERT INTO `grade_groups` (`fpo`, `grade_code`, `grade_name`, `category_id`, `unit`, `group_id`) VALUES (:fpo:, :grade_code:, :grade_name:, :category_id:, :unit:, :group_id:)', [...], false)
 5 APPPATH\Models\GradesModel.php(104): CodeIgniter\Database\BaseBuilder->insert([...])
 6 APPPATH\Controllers\CoffeeGradesController.php(96): App\Models\GradesModel->addGrade([...])
 7 SYSTEMPATH\CodeIgniter.php(933): App\Controllers\CoffeeGradesController->addGrade()
 8 SYSTEMPATH\CodeIgniter.php(509): CodeIgniter\CodeIgniter->runController(Object(App\Controllers\CoffeeGradesController))
 9 SYSTEMPATH\CodeIgniter.php(355): CodeIgniter\CodeIgniter->handleRequest(null, Object(Config\Cache), false)
10 SYSTEMPATH\Boot.php(325): CodeIgniter\CodeIgniter->run()
11 SYSTEMPATH\Boot.php(67): CodeIgniter\Boot::runCodeIgniter(Object(CodeIgniter\CodeIgniter))
12 FCPATH\index.php(56): CodeIgniter\Boot::bootWeb(Object(Config\Paths))
INFO - 2024-07-29 20:10:31 --> Session: Class initialized using 'CodeIgniter\Session\Handlers\FileHandler' driver.
ERROR - 2024-07-29 20:15:27 --> mysqli_sql_exception: Unknown column 'fpo' in 'field list' in C:\wamp64\www\coffee\system\Database\MySQLi\Connection.php:312
Stack trace:
#0 C:\wamp64\www\coffee\system\Database\MySQLi\Connection.php(312): mysqli->query('INSERT INTO `gr...', 0)
#1 C:\wamp64\www\coffee\system\Database\BaseConnection.php(734): CodeIgniter\Database\MySQLi\Connection->execute('INSERT INTO `gr...')
#2 C:\wamp64\www\coffee\system\Database\BaseConnection.php(648): CodeIgniter\Database\BaseConnection->simpleQuery('INSERT INTO `gr...')
#3 C:\wamp64\www\coffee\system\Database\BaseBuilder.php(2332): CodeIgniter\Database\BaseConnection->query('INSERT INTO `gr...', Array, false)
#4 C:\wamp64\www\coffee\app\Models\GradesModel.php(104): CodeIgniter\Database\BaseBuilder->insert(Array)
#5 C:\wamp64\www\coffee\app\Controllers\CoffeeGradesController.php(96): App\Models\GradesModel->addGrade(Array)
#6 C:\wamp64\www\coffee\system\CodeIgniter.php(933): App\Controllers\CoffeeGradesController->addGrade()
#7 C:\wamp64\www\coffee\system\CodeIgniter.php(509): CodeIgniter\CodeIgniter->runController(Object(App\Controllers\CoffeeGradesController))
#8 C:\wamp64\www\coffee\system\CodeIgniter.php(355): CodeIgniter\CodeIgniter->handleRequest(NULL, Object(Config\Cache), false)
#9 C:\wamp64\www\coffee\system\Boot.php(325): CodeIgniter\CodeIgniter->run()
#10 C:\wamp64\www\coffee\system\Boot.php(67): CodeIgniter\Boot::runCodeIgniter(Object(CodeIgniter\CodeIgniter))
#11 C:\wamp64\www\coffee\public\index.php(56): CodeIgniter\Boot::bootWeb(Object(Config\Paths))
#12 {main}
CRITICAL - 2024-07-29 20:15:27 --> CodeIgniter\Database\Exceptions\DatabaseException: Unknown column 'fpo' in 'field list'
[Method: POST, Route: grades/addGrade]
in SYSTEMPATH\Database\BaseConnection.php on line 688.
 1 SYSTEMPATH\Database\BaseBuilder.php(2332): CodeIgniter\Database\BaseConnection->query('INSERT INTO `grades` (`fpo`, `grade_code`, `grade_name`, `category_id`, `unit`, `group_id`) VALUES (:fpo:, :grade_code:, :grade_name:, :category_id:, :unit:, :group_id:)', [...], false)
 2 APPPATH\Models\GradesModel.php(104): CodeIgniter\Database\BaseBuilder->insert([...])
 3 APPPATH\Controllers\CoffeeGradesController.php(96): App\Models\GradesModel->addGrade([...])
 4 SYSTEMPATH\CodeIgniter.php(933): App\Controllers\CoffeeGradesController->addGrade()
 5 SYSTEMPATH\CodeIgniter.php(509): CodeIgniter\CodeIgniter->runController(Object(App\Controllers\CoffeeGradesController))
 6 SYSTEMPATH\CodeIgniter.php(355): CodeIgniter\CodeIgniter->handleRequest(null, Object(Config\Cache), false)
 7 SYSTEMPATH\Boot.php(325): CodeIgniter\CodeIgniter->run()
 8 SYSTEMPATH\Boot.php(67): CodeIgniter\Boot::runCodeIgniter(Object(CodeIgniter\CodeIgniter))
 9 FCPATH\index.php(56): CodeIgniter\Boot::bootWeb(Object(Config\Paths))
CRITICAL - 2024-07-29 20:15:27 --> [Caused by] CodeIgniter\Database\Exceptions\DatabaseException: Unknown column 'fpo' in 'field list'
in SYSTEMPATH\Database\MySQLi\Connection.php on line 317.
 1 SYSTEMPATH\Database\BaseConnection.php(734): CodeIgniter\Database\MySQLi\Connection->execute('INSERT INTO `grades` (`fpo`, `grade_code`, `grade_name`, `category_id`, `unit`, `group_id`) VALUES (1, \'NRSC18\', \'Natural Robusta Screen 1800\', \'9\', \'Kg\', \'1\')')
 2 SYSTEMPATH\Database\BaseConnection.php(648): CodeIgniter\Database\BaseConnection->simpleQuery('INSERT INTO `grades` (`fpo`, `grade_code`, `grade_name`, `category_id`, `unit`, `group_id`) VALUES (1, \'NRSC18\', \'Natural Robusta Screen 1800\', \'9\', \'Kg\', \'1\')')
 3 SYSTEMPATH\Database\BaseBuilder.php(2332): CodeIgniter\Database\BaseConnection->query('INSERT INTO `grades` (`fpo`, `grade_code`, `grade_name`, `category_id`, `unit`, `group_id`) VALUES (:fpo:, :grade_code:, :grade_name:, :category_id:, :unit:, :group_id:)', [...], false)
 4 APPPATH\Models\GradesModel.php(104): CodeIgniter\Database\BaseBuilder->insert([...])
 5 APPPATH\Controllers\CoffeeGradesController.php(96): App\Models\GradesModel->addGrade([...])
 6 SYSTEMPATH\CodeIgniter.php(933): App\Controllers\CoffeeGradesController->addGrade()
 7 SYSTEMPATH\CodeIgniter.php(509): CodeIgniter\CodeIgniter->runController(Object(App\Controllers\CoffeeGradesController))
 8 SYSTEMPATH\CodeIgniter.php(355): CodeIgniter\CodeIgniter->handleRequest(null, Object(Config\Cache), false)
 9 SYSTEMPATH\Boot.php(325): CodeIgniter\CodeIgniter->run()
10 SYSTEMPATH\Boot.php(67): CodeIgniter\Boot::runCodeIgniter(Object(CodeIgniter\CodeIgniter))
11 FCPATH\index.php(56): CodeIgniter\Boot::bootWeb(Object(Config\Paths))
CRITICAL - 2024-07-29 20:15:27 --> [Caused by] mysqli_sql_exception: Unknown column 'fpo' in 'field list'
in SYSTEMPATH\Database\MySQLi\Connection.php on line 312.
 1 SYSTEMPATH\Database\MySQLi\Connection.php(312): mysqli->query('INSERT INTO `grades` (`fpo`, `grade_code`, `grade_name`, `category_id`, `unit`, `group_id`) VALUES (1, \'NRSC18\', \'Natural Robusta Screen 1800\', \'9\', \'Kg\', \'1\')', 0)
 2 SYSTEMPATH\Database\BaseConnection.php(734): CodeIgniter\Database\MySQLi\Connection->execute('INSERT INTO `grades` (`fpo`, `grade_code`, `grade_name`, `category_id`, `unit`, `group_id`) VALUES (1, \'NRSC18\', \'Natural Robusta Screen 1800\', \'9\', \'Kg\', \'1\')')
 3 SYSTEMPATH\Database\BaseConnection.php(648): CodeIgniter\Database\BaseConnection->simpleQuery('INSERT INTO `grades` (`fpo`, `grade_code`, `grade_name`, `category_id`, `unit`, `group_id`) VALUES (1, \'NRSC18\', \'Natural Robusta Screen 1800\', \'9\', \'Kg\', \'1\')')
 4 SYSTEMPATH\Database\BaseBuilder.php(2332): CodeIgniter\Database\BaseConnection->query('INSERT INTO `grades` (`fpo`, `grade_code`, `grade_name`, `category_id`, `unit`, `group_id`) VALUES (:fpo:, :grade_code:, :grade_name:, :category_id:, :unit:, :group_id:)', [...], false)
 5 APPPATH\Models\GradesModel.php(104): CodeIgniter\Database\BaseBuilder->insert([...])
 6 APPPATH\Controllers\CoffeeGradesController.php(96): App\Models\GradesModel->addGrade([...])
 7 SYSTEMPATH\CodeIgniter.php(933): App\Controllers\CoffeeGradesController->addGrade()
 8 SYSTEMPATH\CodeIgniter.php(509): CodeIgniter\CodeIgniter->runController(Object(App\Controllers\CoffeeGradesController))
 9 SYSTEMPATH\CodeIgniter.php(355): CodeIgniter\CodeIgniter->handleRequest(null, Object(Config\Cache), false)
10 SYSTEMPATH\Boot.php(325): CodeIgniter\CodeIgniter->run()
11 SYSTEMPATH\Boot.php(67): CodeIgniter\Boot::runCodeIgniter(Object(CodeIgniter\CodeIgniter))
12 FCPATH\index.php(56): CodeIgniter\Boot::bootWeb(Object(Config\Paths))
INFO - 2024-07-29 20:16:53 --> Session: Class initialized using 'CodeIgniter\Session\Handlers\FileHandler' driver.
INFO - 2024-07-29 20:17:10 --> Session: Class initialized using 'CodeIgniter\Session\Handlers\FileHandler' driver.
INFO - 2024-07-29 20:18:03 --> Session: Class initialized using 'CodeIgniter\Session\Handlers\FileHandler' driver.
INFO - 2024-07-29 20:20:40 --> Session: Class initialized using 'CodeIgniter\Session\Handlers\FileHandler' driver.
INFO - 2024-07-29 20:20:49 --> Session: Class initialized using 'CodeIgniter\Session\Handlers\FileHandler' driver.
INFO - 2024-07-29 20:22:49 --> Session: Class initialized using 'CodeIgniter\Session\Handlers\FileHandler' driver.
