INFO - 2024-09-20 20:58:08 --> Session: Class initialized using 'CodeIgniter\Session\Handlers\FileHandler' driver.
CRITICAL - 2024-09-20 20:58:08 --> ErrorException: Trying to access array offset on value of type null
[Method: GET, Route: home]
in APPPATH\Views\dashboard\index.php on line 8.
 1 APPPATH\Views\dashboard\index.php(8): CodeIgniter\Debug\Exceptions->errorHandler(2, 'Trying to access array offset on value of type null', 'C:\\wamp64\\www\\coffee\\app\\Views\\dashboard\\index.php', 8)
 2 SYSTEMPATH\View\View.php(234): include('C:\\wamp64\\www\\coffee\\app\\Views\\dashboard\\index.php')
 3 SYSTEMPATH\View\View.php(237): CodeIgniter\View\View->CodeIgniter\View\{closure}()
 4 SYSTEMPATH\Common.php(1171): CodeIgniter\View\View->render('dashboard/index', [], true)
 5 APPPATH\Controllers\DashboardController.php(37): view('dashboard/index', [...])
 6 SYSTEMPATH\CodeIgniter.php(933): App\Controllers\DashboardController->index()
 7 SYSTEMPATH\CodeIgniter.php(509): CodeIgniter\CodeIgniter->runController(Object(App\Controllers\DashboardController))
 8 SYSTEMPATH\CodeIgniter.php(355): CodeIgniter\CodeIgniter->handleRequest(null, Object(Config\Cache), false)
 9 SYSTEMPATH\Boot.php(325): CodeIgniter\CodeIgniter->run()
10 SYSTEMPATH\Boot.php(67): CodeIgniter\Boot::runCodeIgniter(Object(CodeIgniter\CodeIgniter))
11 FCPATH\index.php(56): CodeIgniter\Boot::bootWeb(Object(Config\Paths))
INFO - 2024-09-20 20:58:21 --> Session: Class initialized using 'CodeIgniter\Session\Handlers\FileHandler' driver.
INFO - 2024-09-20 20:58:34 --> Session: Class initialized using 'CodeIgniter\Session\Handlers\FileHandler' driver.
INFO - 2024-09-20 20:58:34 --> Session: Class initialized using 'CodeIgniter\Session\Handlers\FileHandler' driver.
INFO - 2024-09-20 21:56:56 --> Session: Class initialized using 'CodeIgniter\Session\Handlers\FileHandler' driver.
CRITICAL - 2024-09-20 21:57:05 --> TypeError: array_push(): Argument #1 ($array) must be of type array, null given
[Method: POST, Route: sales/salesByType]
in APPPATH\Controllers\DashboardController.php on line 95.
 1 APPPATH\Controllers\DashboardController.php(95): array_push(null, [...])
 2 SYSTEMPATH\CodeIgniter.php(933): App\Controllers\DashboardController->previousSales()
 3 SYSTEMPATH\CodeIgniter.php(509): CodeIgniter\CodeIgniter->runController(Object(App\Controllers\DashboardController))
 4 SYSTEMPATH\CodeIgniter.php(355): CodeIgniter\CodeIgniter->handleRequest(null, Object(Config\Cache), false)
 5 SYSTEMPATH\Boot.php(325): CodeIgniter\CodeIgniter->run()
 6 SYSTEMPATH\Boot.php(67): CodeIgniter\Boot::runCodeIgniter(Object(CodeIgniter\CodeIgniter))
 7 FCPATH\index.php(56): CodeIgniter\Boot::bootWeb(Object(Config\Paths))
INFO - 2024-09-20 21:57:18 --> Session: Class initialized using 'CodeIgniter\Session\Handlers\FileHandler' driver.
CRITICAL - 2024-09-20 21:57:24 --> TypeError: array_push(): Argument #1 ($array) must be of type array, null given
[Method: POST, Route: sales/salesByType]
in APPPATH\Controllers\DashboardController.php on line 95.
 1 APPPATH\Controllers\DashboardController.php(95): array_push(null, [...])
 2 SYSTEMPATH\CodeIgniter.php(933): App\Controllers\DashboardController->previousSales()
 3 SYSTEMPATH\CodeIgniter.php(509): CodeIgniter\CodeIgniter->runController(Object(App\Controllers\DashboardController))
 4 SYSTEMPATH\CodeIgniter.php(355): CodeIgniter\CodeIgniter->handleRequest(null, Object(Config\Cache), false)
 5 SYSTEMPATH\Boot.php(325): CodeIgniter\CodeIgniter->run()
 6 SYSTEMPATH\Boot.php(67): CodeIgniter\Boot::runCodeIgniter(Object(CodeIgniter\CodeIgniter))
 7 FCPATH\index.php(56): CodeIgniter\Boot::bootWeb(Object(Config\Paths))
INFO - 2024-09-20 21:58:48 --> Session: Class initialized using 'CodeIgniter\Session\Handlers\FileHandler' driver.
INFO - 2024-09-20 21:59:25 --> Session: Class initialized using 'CodeIgniter\Session\Handlers\FileHandler' driver.
INFO - 2024-09-20 22:00:11 --> Session: Class initialized using 'CodeIgniter\Session\Handlers\FileHandler' driver.
INFO - 2024-09-20 22:00:25 --> Session: Class initialized using 'CodeIgniter\Session\Handlers\FileHandler' driver.
INFO - 2024-09-20 22:00:30 --> Session: Class initialized using 'CodeIgniter\Session\Handlers\FileHandler' driver.
CRITICAL - 2024-09-20 22:00:56 --> ErrorException: Maximum execution time of 120 seconds exceeded
[Method: POST, Route: sales/salesByType]
in SYSTEMPATH\Database\MySQLi\Connection.php on line 312.
 1 [internal function]: CodeIgniter\Debug\Exceptions->shutdownHandler()
CRITICAL - 2024-09-20 22:01:33 --> ErrorException: Maximum execution time of 120 seconds exceeded
[Method: POST, Route: sales/salesByType]
in SYSTEMPATH\Database\MySQLi\Connection.php on line 312.
 1 [internal function]: CodeIgniter\Debug\Exceptions->shutdownHandler()
INFO - 2024-09-20 22:02:13 --> Session: Class initialized using 'CodeIgniter\Session\Handlers\FileHandler' driver.
CRITICAL - 2024-09-20 22:02:44 --> ErrorException: Maximum execution time of 120 seconds exceeded
[Method: POST, Route: sales/salesByType]
in SYSTEMPATH\I18n\TimeTrait.php on line 921.
 1 [internal function]: CodeIgniter\Debug\Exceptions->shutdownHandler()
INFO - 2024-09-20 22:04:54 --> Session: Class initialized using 'CodeIgniter\Session\Handlers\FileHandler' driver.
INFO - 2024-09-20 22:26:37 --> Session: Class initialized using 'CodeIgniter\Session\Handlers\FileHandler' driver.
INFO - 2024-09-20 22:27:30 --> Session: Class initialized using 'CodeIgniter\Session\Handlers\FileHandler' driver.
