INFO - 2024-08-29 05:26:05 --> Session: Class initialized using 'CodeIgniter\Session\Handlers\FileHandler' driver.
INFO - 2024-08-29 05:27:17 --> Session: Class initialized using 'CodeIgniter\Session\Handlers\FileHandler' driver.
INFO - 2024-08-29 05:34:46 --> Session: Class initialized using 'CodeIgniter\Session\Handlers\FileHandler' driver.
INFO - 2024-08-29 05:37:14 --> Session: Class initialized using 'CodeIgniter\Session\Handlers\FileHandler' driver.
INFO - 2024-08-29 05:40:04 --> Session: Class initialized using 'CodeIgniter\Session\Handlers\FileHandler' driver.
INFO - 2024-08-29 05:40:35 --> Session: Class initialized using 'CodeIgniter\Session\Handlers\FileHandler' driver.
INFO - 2024-08-29 05:41:06 --> Session: Class initialized using 'CodeIgniter\Session\Handlers\FileHandler' driver.
INFO - 2024-08-29 05:42:06 --> Session: Class initialized using 'CodeIgniter\Session\Handlers\FileHandler' driver.
INFO - 2024-08-29 05:43:20 --> Session: Class initialized using 'CodeIgniter\Session\Handlers\FileHandler' driver.
INFO - 2024-08-29 05:43:23 --> Session: Class initialized using 'CodeIgniter\Session\Handlers\FileHandler' driver.
INFO - 2024-08-29 05:43:38 --> Session: Class initialized using 'CodeIgniter\Session\Handlers\FileHandler' driver.
INFO - 2024-08-29 05:43:39 --> Session: Class initialized using 'CodeIgniter\Session\Handlers\FileHandler' driver.
INFO - 2024-08-29 05:43:54 --> Session: Class initialized using 'CodeIgniter\Session\Handlers\FileHandler' driver.
INFO - 2024-08-29 05:44:03 --> Session: Class initialized using 'CodeIgniter\Session\Handlers\FileHandler' driver.
INFO - 2024-08-29 05:44:09 --> Session: Class initialized using 'CodeIgniter\Session\Handlers\FileHandler' driver.
INFO - 2024-08-29 05:44:40 --> Session: Class initialized using 'CodeIgniter\Session\Handlers\FileHandler' driver.
INFO - 2024-08-29 05:45:15 --> Session: Class initialized using 'CodeIgniter\Session\Handlers\FileHandler' driver.
INFO - 2024-08-29 05:46:15 --> Session: Class initialized using 'CodeIgniter\Session\Handlers\FileHandler' driver.
INFO - 2024-08-29 05:46:15 --> Session: Class initialized using 'CodeIgniter\Session\Handlers\FileHandler' driver.
INFO - 2024-08-29 05:46:40 --> Session: Class initialized using 'CodeIgniter\Session\Handlers\FileHandler' driver.
ERROR - 2024-08-29 05:47:03 --> mysqli_sql_exception: Unknown column 'transaction_type_id' in 'where clause' in C:\xampp\htdocs\coffee\coffee\system\Database\MySQLi\Connection.php:312
Stack trace:
#0 C:\xampp\htdocs\coffee\coffee\system\Database\MySQLi\Connection.php(312): mysqli->query('SELECT trans_da...', 0)
#1 C:\xampp\htdocs\coffee\coffee\system\Database\BaseConnection.php(734): CodeIgniter\Database\MySQLi\Connection->execute('SELECT trans_da...')
#2 C:\xampp\htdocs\coffee\coffee\system\Database\BaseConnection.php(648): CodeIgniter\Database\BaseConnection->simpleQuery('SELECT trans_da...')
#3 C:\xampp\htdocs\coffee\coffee\app\Models\SuppliersModal.php(52): CodeIgniter\Database\BaseConnection->query('SELECT trans_da...')
#4 C:\xampp\htdocs\coffee\coffee\app\Controllers\SuppliersController.php(73): App\Models\SuppliersModal->deliveryValuations(1, '', '', 'all')
#5 C:\xampp\htdocs\coffee\coffee\system\CodeIgniter.php(933): App\Controllers\SuppliersController->deliveryValuations()
#6 C:\xampp\htdocs\coffee\coffee\system\CodeIgniter.php(509): CodeIgniter\CodeIgniter->runController(Object(App\Controllers\SuppliersController))
#7 C:\xampp\htdocs\coffee\coffee\system\CodeIgniter.php(355): CodeIgniter\CodeIgniter->handleRequest(NULL, Object(Config\Cache), false)
#8 C:\xampp\htdocs\coffee\coffee\system\Boot.php(325): CodeIgniter\CodeIgniter->run()
#9 C:\xampp\htdocs\coffee\coffee\system\Boot.php(67): CodeIgniter\Boot::runCodeIgniter(Object(CodeIgniter\CodeIgniter))
#10 C:\xampp\htdocs\coffee\coffee\public\index.php(56): CodeIgniter\Boot::bootWeb(Object(Config\Paths))
#11 C:\xampp\htdocs\coffee\coffee\system\rewrite.php(44): require_once('C:\\xampp\\htdocs...')
#12 {main}
CRITICAL - 2024-08-29 05:47:03 --> CodeIgniter\Database\Exceptions\DatabaseException: Unknown column 'transaction_type_id' in 'where clause'
[Method: POST, Route: suppliers/deliveryValuations]
in SYSTEMPATH\Database\BaseConnection.php on line 688.
 1 APPPATH\Models\SuppliersModal.php(52): CodeIgniter\Database\BaseConnection->query('SELECT trans_date, grn, name, store_name, grade_name, moisture, qty_in as qty 
            FROM inventory
            JOIN clients USING (client_id)
            JOIN grades USING (grade_id)
            LEFT JOIN stores USING (store_id)
            LEFT JOIN valuations ON inventory.transaction_id = valuations.valuation_id
            WHERE transaction_type_id = \'1\' AND valuations.fpo = \'1\'
             ')
 2 APPPATH\Controllers\SuppliersController.php(73): App\Models\SuppliersModal->deliveryValuations(1, '', '', 'all')
 3 SYSTEMPATH\CodeIgniter.php(933): App\Controllers\SuppliersController->deliveryValuations()
 4 SYSTEMPATH\CodeIgniter.php(509): CodeIgniter\CodeIgniter->runController(Object(App\Controllers\SuppliersController))
 5 SYSTEMPATH\CodeIgniter.php(355): CodeIgniter\CodeIgniter->handleRequest(null, Object(Config\Cache), false)
 6 SYSTEMPATH\Boot.php(325): CodeIgniter\CodeIgniter->run()
 7 SYSTEMPATH\Boot.php(67): CodeIgniter\Boot::runCodeIgniter(Object(CodeIgniter\CodeIgniter))
 8 FCPATH\index.php(56): CodeIgniter\Boot::bootWeb(Object(Config\Paths))
 9 SYSTEMPATH\rewrite.php(44): require_once('C:\\xampp\\htdocs\\coffee\\coffee\\public\\index.php')
CRITICAL - 2024-08-29 05:47:03 --> [Caused by] CodeIgniter\Database\Exceptions\DatabaseException: Unknown column 'transaction_type_id' in 'where clause'
in SYSTEMPATH\Database\MySQLi\Connection.php on line 317.
 1 SYSTEMPATH\Database\BaseConnection.php(734): CodeIgniter\Database\MySQLi\Connection->execute('SELECT trans_date, grn, name, store_name, grade_name, moisture, qty_in as qty 
            FROM inventory
            JOIN clients USING (client_id)
            JOIN grades USING (grade_id)
            LEFT JOIN stores USING (store_id)
            LEFT JOIN valuations ON inventory.transaction_id = valuations.valuation_id
            WHERE transaction_type_id = \'1\' AND valuations.fpo = \'1\'
             ')
 2 SYSTEMPATH\Database\BaseConnection.php(648): CodeIgniter\Database\BaseConnection->simpleQuery('SELECT trans_date, grn, name, store_name, grade_name, moisture, qty_in as qty 
            FROM inventory
            JOIN clients USING (client_id)
            JOIN grades USING (grade_id)
            LEFT JOIN stores USING (store_id)
            LEFT JOIN valuations ON inventory.transaction_id = valuations.valuation_id
            WHERE transaction_type_id = \'1\' AND valuations.fpo = \'1\'
             ')
 3 APPPATH\Models\SuppliersModal.php(52): CodeIgniter\Database\BaseConnection->query('SELECT trans_date, grn, name, store_name, grade_name, moisture, qty_in as qty 
            FROM inventory
            JOIN clients USING (client_id)
            JOIN grades USING (grade_id)
            LEFT JOIN stores USING (store_id)
            LEFT JOIN valuations ON inventory.transaction_id = valuations.valuation_id
            WHERE transaction_type_id = \'1\' AND valuations.fpo = \'1\'
             ')
 4 APPPATH\Controllers\SuppliersController.php(73): App\Models\SuppliersModal->deliveryValuations(1, '', '', 'all')
 5 SYSTEMPATH\CodeIgniter.php(933): App\Controllers\SuppliersController->deliveryValuations()
 6 SYSTEMPATH\CodeIgniter.php(509): CodeIgniter\CodeIgniter->runController(Object(App\Controllers\SuppliersController))
 7 SYSTEMPATH\CodeIgniter.php(355): CodeIgniter\CodeIgniter->handleRequest(null, Object(Config\Cache), false)
 8 SYSTEMPATH\Boot.php(325): CodeIgniter\CodeIgniter->run()
 9 SYSTEMPATH\Boot.php(67): CodeIgniter\Boot::runCodeIgniter(Object(CodeIgniter\CodeIgniter))
10 FCPATH\index.php(56): CodeIgniter\Boot::bootWeb(Object(Config\Paths))
11 SYSTEMPATH\rewrite.php(44): require_once('C:\\xampp\\htdocs\\coffee\\coffee\\public\\index.php')
CRITICAL - 2024-08-29 05:47:03 --> [Caused by] mysqli_sql_exception: Unknown column 'transaction_type_id' in 'where clause'
in SYSTEMPATH\Database\MySQLi\Connection.php on line 312.
 1 SYSTEMPATH\Database\MySQLi\Connection.php(312): mysqli->query('SELECT trans_date, grn, name, store_name, grade_name, moisture, qty_in as qty 
            FROM inventory
            JOIN clients USING (client_id)
            JOIN grades USING (grade_id)
            LEFT JOIN stores USING (store_id)
            LEFT JOIN valuations ON inventory.transaction_id = valuations.valuation_id
            WHERE transaction_type_id = \'1\' AND valuations.fpo = \'1\'
             ', 0)
 2 SYSTEMPATH\Database\BaseConnection.php(734): CodeIgniter\Database\MySQLi\Connection->execute('SELECT trans_date, grn, name, store_name, grade_name, moisture, qty_in as qty 
            FROM inventory
            JOIN clients USING (client_id)
            JOIN grades USING (grade_id)
            LEFT JOIN stores USING (store_id)
            LEFT JOIN valuations ON inventory.transaction_id = valuations.valuation_id
            WHERE transaction_type_id = \'1\' AND valuations.fpo = \'1\'
             ')
 3 SYSTEMPATH\Database\BaseConnection.php(648): CodeIgniter\Database\BaseConnection->simpleQuery('SELECT trans_date, grn, name, store_name, grade_name, moisture, qty_in as qty 
            FROM inventory
            JOIN clients USING (client_id)
            JOIN grades USING (grade_id)
            LEFT JOIN stores USING (store_id)
            LEFT JOIN valuations ON inventory.transaction_id = valuations.valuation_id
            WHERE transaction_type_id = \'1\' AND valuations.fpo = \'1\'
             ')
 4 APPPATH\Models\SuppliersModal.php(52): CodeIgniter\Database\BaseConnection->query('SELECT trans_date, grn, name, store_name, grade_name, moisture, qty_in as qty 
            FROM inventory
            JOIN clients USING (client_id)
            JOIN grades USING (grade_id)
            LEFT JOIN stores USING (store_id)
            LEFT JOIN valuations ON inventory.transaction_id = valuations.valuation_id
            WHERE transaction_type_id = \'1\' AND valuations.fpo = \'1\'
             ')
 5 APPPATH\Controllers\SuppliersController.php(73): App\Models\SuppliersModal->deliveryValuations(1, '', '', 'all')
 6 SYSTEMPATH\CodeIgniter.php(933): App\Controllers\SuppliersController->deliveryValuations()
 7 SYSTEMPATH\CodeIgniter.php(509): CodeIgniter\CodeIgniter->runController(Object(App\Controllers\SuppliersController))
 8 SYSTEMPATH\CodeIgniter.php(355): CodeIgniter\CodeIgniter->handleRequest(null, Object(Config\Cache), false)
 9 SYSTEMPATH\Boot.php(325): CodeIgniter\CodeIgniter->run()
10 SYSTEMPATH\Boot.php(67): CodeIgniter\Boot::runCodeIgniter(Object(CodeIgniter\CodeIgniter))
11 FCPATH\index.php(56): CodeIgniter\Boot::bootWeb(Object(Config\Paths))
12 SYSTEMPATH\rewrite.php(44): require_once('C:\\xampp\\htdocs\\coffee\\coffee\\public\\index.php')
INFO - 2024-08-29 05:53:36 --> Session: Class initialized using 'CodeIgniter\Session\Handlers\FileHandler' driver.
CRITICAL - 2024-08-29 05:53:36 --> Error: Call to undefined method CodeIgniter\View\View::includes()
[Method: GET, Route: deliveries]
in APPPATH\Views\suppliers\deliveriesView.php on line 36.
 1 SYSTEMPATH\View\View.php(234): include()
 2 SYSTEMPATH\View\View.php(237): CodeIgniter\View\View->CodeIgniter\View\{closure}()
 3 SYSTEMPATH\Common.php(1171): CodeIgniter\View\View->render('suppliers/deliveriesView', [], true)
 4 APPPATH\Controllers\SuppliersController.php(63): view('suppliers/deliveriesView', [...])
 5 SYSTEMPATH\CodeIgniter.php(933): App\Controllers\SuppliersController->deliveriesView()
 6 SYSTEMPATH\CodeIgniter.php(509): CodeIgniter\CodeIgniter->runController(Object(App\Controllers\SuppliersController))
 7 SYSTEMPATH\CodeIgniter.php(355): CodeIgniter\CodeIgniter->handleRequest(null, Object(Config\Cache), false)
 8 SYSTEMPATH\Boot.php(325): CodeIgniter\CodeIgniter->run()
 9 SYSTEMPATH\Boot.php(67): CodeIgniter\Boot::runCodeIgniter(Object(CodeIgniter\CodeIgniter))
10 FCPATH\index.php(56): CodeIgniter\Boot::bootWeb(Object(Config\Paths))
11 SYSTEMPATH\rewrite.php(44): require_once('C:\\xampp\\htdocs\\coffee\\coffee\\public\\index.php')
INFO - 2024-08-29 05:53:55 --> Session: Class initialized using 'CodeIgniter\Session\Handlers\FileHandler' driver.
CRITICAL - 2024-08-29 05:53:56 --> CodeIgniter\View\Exceptions\ViewException: Invalid file: "includes/daterange_filter.php"
[Method: GET, Route: deliveries]
in SYSTEMPATH\Exceptions\FrameworkException.php on line 41.
 1 SYSTEMPATH\View\View.php(222): CodeIgniter\Exceptions\FrameworkException::forInvalidFile('includes/daterange_filter.php')
 2 SYSTEMPATH\View\View.php(487): CodeIgniter\View\View->render('includes/daterange_filter.php', null, true)
 3 APPPATH\Views\suppliers\deliveriesView.php(36): CodeIgniter\View\View->include('includes/daterange_filter.php')
 4 SYSTEMPATH\View\View.php(234): include('C:\\xampp\\htdocs\\coffee\\coffee\\app\\Views\\suppliers\\deliveriesView.php')
 5 SYSTEMPATH\View\View.php(237): CodeIgniter\View\View->CodeIgniter\View\{closure}()
 6 SYSTEMPATH\Common.php(1171): CodeIgniter\View\View->render('suppliers/deliveriesView', [], true)
 7 APPPATH\Controllers\SuppliersController.php(63): view('suppliers/deliveriesView', [...])
 8 SYSTEMPATH\CodeIgniter.php(933): App\Controllers\SuppliersController->deliveriesView()
 9 SYSTEMPATH\CodeIgniter.php(509): CodeIgniter\CodeIgniter->runController(Object(App\Controllers\SuppliersController))
10 SYSTEMPATH\CodeIgniter.php(355): CodeIgniter\CodeIgniter->handleRequest(null, Object(Config\Cache), false)
11 SYSTEMPATH\Boot.php(325): CodeIgniter\CodeIgniter->run()
12 SYSTEMPATH\Boot.php(67): CodeIgniter\Boot::runCodeIgniter(Object(CodeIgniter\CodeIgniter))
13 FCPATH\index.php(56): CodeIgniter\Boot::bootWeb(Object(Config\Paths))
14 SYSTEMPATH\rewrite.php(44): require_once('C:\\xampp\\htdocs\\coffee\\coffee\\public\\index.php')
INFO - 2024-08-29 05:54:31 --> Session: Class initialized using 'CodeIgniter\Session\Handlers\FileHandler' driver.
INFO - 2024-08-29 05:55:47 --> Session: Class initialized using 'CodeIgniter\Session\Handlers\FileHandler' driver.
INFO - 2024-08-29 05:56:18 --> Session: Class initialized using 'CodeIgniter\Session\Handlers\FileHandler' driver.
INFO - 2024-08-29 06:00:02 --> Session: Class initialized using 'CodeIgniter\Session\Handlers\FileHandler' driver.
INFO - 2024-08-29 06:06:29 --> Session: Class initialized using 'CodeIgniter\Session\Handlers\FileHandler' driver.
