INFO - 2024-09-08 07:21:30 --> Session: Class initialized using 'CodeIgniter\Session\Handlers\FileHandler' driver.
INFO - 2024-09-08 07:21:30 --> Session: Class initialized using 'CodeIgniter\Session\Handlers\FileHandler' driver.
INFO - 2024-09-08 07:21:34 --> Session: Class initialized using 'CodeIgniter\Session\Handlers\FileHandler' driver.
INFO - 2024-09-08 07:34:00 --> Session: Class initialized using 'CodeIgniter\Session\Handlers\FileHandler' driver.
INFO - 2024-09-08 07:34:18 --> Session: Class initialized using 'CodeIgniter\Session\Handlers\FileHandler' driver.
INFO - 2024-09-08 07:36:51 --> Session: Class initialized using 'CodeIgniter\Session\Handlers\FileHandler' driver.
INFO - 2024-09-08 07:39:20 --> Session: Class initialized using 'CodeIgniter\Session\Handlers\FileHandler' driver.
INFO - 2024-09-08 07:40:19 --> Session: Class initialized using 'CodeIgniter\Session\Handlers\FileHandler' driver.
INFO - 2024-09-08 07:40:55 --> Session: Class initialized using 'CodeIgniter\Session\Handlers\FileHandler' driver.
INFO - 2024-09-08 07:41:25 --> Session: Class initialized using 'CodeIgniter\Session\Handlers\FileHandler' driver.
INFO - 2024-09-08 07:41:34 --> Session: Class initialized using 'CodeIgniter\Session\Handlers\FileHandler' driver.
INFO - 2024-09-08 07:41:44 --> Session: Class initialized using 'CodeIgniter\Session\Handlers\FileHandler' driver.
INFO - 2024-09-08 07:43:35 --> Session: Class initialized using 'CodeIgniter\Session\Handlers\FileHandler' driver.
INFO - 2024-09-08 08:47:12 --> Session: Class initialized using 'CodeIgniter\Session\Handlers\FileHandler' driver.
INFO - 2024-09-08 08:47:19 --> Session: Class initialized using 'CodeIgniter\Session\Handlers\FileHandler' driver.
INFO - 2024-09-08 08:47:40 --> Session: Class initialized using 'CodeIgniter\Session\Handlers\FileHandler' driver.
INFO - 2024-09-08 09:37:24 --> Session: Class initialized using 'CodeIgniter\Session\Handlers\FileHandler' driver.
INFO - 2024-09-08 09:49:41 --> Session: Class initialized using 'CodeIgniter\Session\Handlers\FileHandler' driver.
INFO - 2024-09-08 09:57:41 --> Session: Class initialized using 'CodeIgniter\Session\Handlers\FileHandler' driver.
INFO - 2024-09-08 09:58:03 --> Session: Class initialized using 'CodeIgniter\Session\Handlers\FileHandler' driver.
INFO - 2024-09-08 10:09:56 --> Session: Class initialized using 'CodeIgniter\Session\Handlers\FileHandler' driver.
INFO - 2024-09-08 10:10:42 --> Session: Class initialized using 'CodeIgniter\Session\Handlers\FileHandler' driver.
INFO - 2024-09-08 10:12:08 --> Session: Class initialized using 'CodeIgniter\Session\Handlers\FileHandler' driver.
INFO - 2024-09-08 10:20:15 --> Session: Class initialized using 'CodeIgniter\Session\Handlers\FileHandler' driver.
INFO - 2024-09-08 10:21:11 --> Session: Class initialized using 'CodeIgniter\Session\Handlers\FileHandler' driver.
INFO - 2024-09-08 10:22:21 --> Session: Class initialized using 'CodeIgniter\Session\Handlers\FileHandler' driver.
INFO - 2024-09-08 10:31:24 --> Session: Class initialized using 'CodeIgniter\Session\Handlers\FileHandler' driver.
INFO - 2024-09-08 10:33:24 --> Session: Class initialized using 'CodeIgniter\Session\Handlers\FileHandler' driver.
INFO - 2024-09-08 10:40:08 --> Session: Class initialized using 'CodeIgniter\Session\Handlers\FileHandler' driver.
INFO - 2024-09-08 10:44:12 --> Session: Class initialized using 'CodeIgniter\Session\Handlers\FileHandler' driver.
INFO - 2024-09-08 10:53:05 --> Session: Class initialized using 'CodeIgniter\Session\Handlers\FileHandler' driver.
ERROR - 2024-09-08 18:40:29 --> Error connecting to the database: mysqli_sql_exception: Access denied for user ''@'localhost' (using password: NO) in C:\wamp64\www\coffee\system\Database\MySQLi\Connection.php:187
Stack trace:
#0 C:\wamp64\www\coffee\system\Database\MySQLi\Connection.php(187): mysqli->real_connect('localhost', '', '', '', 3306, '', 0)
#1 C:\wamp64\www\coffee\system\Database\BaseConnection.php(421): CodeIgniter\Database\MySQLi\Connection->connect(false)
#2 C:\wamp64\www\coffee\system\Database\BaseConnection.php(616): CodeIgniter\Database\BaseConnection->initialize()
#3 C:\wamp64\www\coffee\app\Models\GradesModel.php(21): CodeIgniter\Database\BaseConnection->query('SELECT type_id,...')
#4 C:\wamp64\www\coffee\app\Controllers\SuppliersController.php(62): App\Models\GradesModel->getCoffeeTypes()
#5 C:\wamp64\www\coffee\system\CodeIgniter.php(933): App\Controllers\SuppliersController->deliveriesView()
#6 C:\wamp64\www\coffee\system\CodeIgniter.php(509): CodeIgniter\CodeIgniter->runController(Object(App\Controllers\SuppliersController))
#7 C:\wamp64\www\coffee\system\CodeIgniter.php(355): CodeIgniter\CodeIgniter->handleRequest(NULL, Object(Config\Cache), false)
#8 C:\wamp64\www\coffee\system\Boot.php(325): CodeIgniter\CodeIgniter->run()
#9 C:\wamp64\www\coffee\system\Boot.php(67): CodeIgniter\Boot::runCodeIgniter(Object(CodeIgniter\CodeIgniter))
#10 C:\wamp64\www\coffee\public\index.php(56): CodeIgniter\Boot::bootWeb(Object(Config\Paths))
#11 {main}

Next CodeIgniter\Database\Exceptions\DatabaseException: Access denied for user ''@'localhost' (using password: NO) in C:\wamp64\www\coffee\system\Database\MySQLi\Connection.php:231
Stack trace:
#0 C:\wamp64\www\coffee\system\Database\BaseConnection.php(421): CodeIgniter\Database\MySQLi\Connection->connect(false)
#1 C:\wamp64\www\coffee\system\Database\BaseConnection.php(616): CodeIgniter\Database\BaseConnection->initialize()
#2 C:\wamp64\www\coffee\app\Models\GradesModel.php(21): CodeIgniter\Database\BaseConnection->query('SELECT type_id,...')
#3 C:\wamp64\www\coffee\app\Controllers\SuppliersController.php(62): App\Models\GradesModel->getCoffeeTypes()
#4 C:\wamp64\www\coffee\system\CodeIgniter.php(933): App\Controllers\SuppliersController->deliveriesView()
#5 C:\wamp64\www\coffee\system\CodeIgniter.php(509): CodeIgniter\CodeIgniter->runController(Object(App\Controllers\SuppliersController))
#6 C:\wamp64\www\coffee\system\CodeIgniter.php(355): CodeIgniter\CodeIgniter->handleRequest(NULL, Object(Config\Cache), false)
#7 C:\wamp64\www\coffee\system\Boot.php(325): CodeIgniter\CodeIgniter->run()
#8 C:\wamp64\www\coffee\system\Boot.php(67): CodeIgniter\Boot::runCodeIgniter(Object(CodeIgniter\CodeIgniter))
#9 C:\wamp64\www\coffee\public\index.php(56): CodeIgniter\Boot::bootWeb(Object(Config\Paths))
#10 {main}
CRITICAL - 2024-09-08 18:40:29 --> CodeIgniter\Database\Exceptions\DatabaseException: Unable to connect to the database.
Main connection [MySQLi]: Access denied for user ''@'localhost' (using password: NO)
[Method: GET, Route: deliveries]
in SYSTEMPATH\Database\BaseConnection.php on line 467.
 1 SYSTEMPATH\Database\BaseConnection.php(616): CodeIgniter\Database\BaseConnection->initialize()
 2 APPPATH\Models\GradesModel.php(21): CodeIgniter\Database\BaseConnection->query('SELECT type_id, type_name FROM coffee_types')
 3 APPPATH\Controllers\SuppliersController.php(62): App\Models\GradesModel->getCoffeeTypes()
 4 SYSTEMPATH\CodeIgniter.php(933): App\Controllers\SuppliersController->deliveriesView()
 5 SYSTEMPATH\CodeIgniter.php(509): CodeIgniter\CodeIgniter->runController(Object(App\Controllers\SuppliersController))
 6 SYSTEMPATH\CodeIgniter.php(355): CodeIgniter\CodeIgniter->handleRequest(null, Object(Config\Cache), false)
 7 SYSTEMPATH\Boot.php(325): CodeIgniter\CodeIgniter->run()
 8 SYSTEMPATH\Boot.php(67): CodeIgniter\Boot::runCodeIgniter(Object(CodeIgniter\CodeIgniter))
 9 FCPATH\index.php(56): CodeIgniter\Boot::bootWeb(Object(Config\Paths))
ERROR - 2024-09-08 18:41:00 --> Error connecting to the database: mysqli_sql_exception: Access denied for user ''@'localhost' (using password: NO) in C:\wamp64\www\coffee\system\Database\MySQLi\Connection.php:187
Stack trace:
#0 C:\wamp64\www\coffee\system\Database\MySQLi\Connection.php(187): mysqli->real_connect('localhost', '', '', '', 3306, '', 0)
#1 C:\wamp64\www\coffee\system\Database\BaseConnection.php(421): CodeIgniter\Database\MySQLi\Connection->connect(false)
#2 C:\wamp64\www\coffee\system\Database\BaseConnection.php(616): CodeIgniter\Database\BaseConnection->initialize()
#3 C:\wamp64\www\coffee\app\Models\GradesModel.php(21): CodeIgniter\Database\BaseConnection->query('SELECT type_id,...')
#4 C:\wamp64\www\coffee\app\Controllers\SuppliersController.php(30): App\Models\GradesModel->getCoffeeTypes()
#5 C:\wamp64\www\coffee\system\CodeIgniter.php(933): App\Controllers\SuppliersController->index()
#6 C:\wamp64\www\coffee\system\CodeIgniter.php(509): CodeIgniter\CodeIgniter->runController(Object(App\Controllers\SuppliersController))
#7 C:\wamp64\www\coffee\system\CodeIgniter.php(355): CodeIgniter\CodeIgniter->handleRequest(NULL, Object(Config\Cache), false)
#8 C:\wamp64\www\coffee\system\Boot.php(325): CodeIgniter\CodeIgniter->run()
#9 C:\wamp64\www\coffee\system\Boot.php(67): CodeIgniter\Boot::runCodeIgniter(Object(CodeIgniter\CodeIgniter))
#10 C:\wamp64\www\coffee\public\index.php(56): CodeIgniter\Boot::bootWeb(Object(Config\Paths))
#11 {main}

Next CodeIgniter\Database\Exceptions\DatabaseException: Access denied for user ''@'localhost' (using password: NO) in C:\wamp64\www\coffee\system\Database\MySQLi\Connection.php:231
Stack trace:
#0 C:\wamp64\www\coffee\system\Database\BaseConnection.php(421): CodeIgniter\Database\MySQLi\Connection->connect(false)
#1 C:\wamp64\www\coffee\system\Database\BaseConnection.php(616): CodeIgniter\Database\BaseConnection->initialize()
#2 C:\wamp64\www\coffee\app\Models\GradesModel.php(21): CodeIgniter\Database\BaseConnection->query('SELECT type_id,...')
#3 C:\wamp64\www\coffee\app\Controllers\SuppliersController.php(30): App\Models\GradesModel->getCoffeeTypes()
#4 C:\wamp64\www\coffee\system\CodeIgniter.php(933): App\Controllers\SuppliersController->index()
#5 C:\wamp64\www\coffee\system\CodeIgniter.php(509): CodeIgniter\CodeIgniter->runController(Object(App\Controllers\SuppliersController))
#6 C:\wamp64\www\coffee\system\CodeIgniter.php(355): CodeIgniter\CodeIgniter->handleRequest(NULL, Object(Config\Cache), false)
#7 C:\wamp64\www\coffee\system\Boot.php(325): CodeIgniter\CodeIgniter->run()
#8 C:\wamp64\www\coffee\system\Boot.php(67): CodeIgniter\Boot::runCodeIgniter(Object(CodeIgniter\CodeIgniter))
#9 C:\wamp64\www\coffee\public\index.php(56): CodeIgniter\Boot::bootWeb(Object(Config\Paths))
#10 {main}
CRITICAL - 2024-09-08 18:41:00 --> CodeIgniter\Database\Exceptions\DatabaseException: Unable to connect to the database.
Main connection [MySQLi]: Access denied for user ''@'localhost' (using password: NO)
[Method: GET, Route: suppliers]
in SYSTEMPATH\Database\BaseConnection.php on line 467.
 1 SYSTEMPATH\Database\BaseConnection.php(616): CodeIgniter\Database\BaseConnection->initialize()
 2 APPPATH\Models\GradesModel.php(21): CodeIgniter\Database\BaseConnection->query('SELECT type_id, type_name FROM coffee_types')
 3 APPPATH\Controllers\SuppliersController.php(30): App\Models\GradesModel->getCoffeeTypes()
 4 SYSTEMPATH\CodeIgniter.php(933): App\Controllers\SuppliersController->index()
 5 SYSTEMPATH\CodeIgniter.php(509): CodeIgniter\CodeIgniter->runController(Object(App\Controllers\SuppliersController))
 6 SYSTEMPATH\CodeIgniter.php(355): CodeIgniter\CodeIgniter->handleRequest(null, Object(Config\Cache), false)
 7 SYSTEMPATH\Boot.php(325): CodeIgniter\CodeIgniter->run()
 8 SYSTEMPATH\Boot.php(67): CodeIgniter\Boot::runCodeIgniter(Object(CodeIgniter\CodeIgniter))
 9 FCPATH\index.php(56): CodeIgniter\Boot::bootWeb(Object(Config\Paths))
INFO - 2024-09-08 18:48:42 --> Session: Class initialized using 'CodeIgniter\Session\Handlers\FileHandler' driver.
ERROR - 2024-09-08 18:48:42 --> Error connecting to the database: mysqli_sql_exception: Unknown database 'ci4' in C:\wamp64\www\coffee\system\Database\MySQLi\Connection.php:187
Stack trace:
#0 C:\wamp64\www\coffee\system\Database\MySQLi\Connection.php(187): mysqli->real_connect('localhost', 'root', 'root', 'ci4', 3306, '', 0)
#1 C:\wamp64\www\coffee\system\Database\BaseConnection.php(421): CodeIgniter\Database\MySQLi\Connection->connect(false)
#2 C:\wamp64\www\coffee\system\Database\BaseConnection.php(616): CodeIgniter\Database\BaseConnection->initialize()
#3 C:\wamp64\www\coffee\system\Database\BaseBuilder.php(1636): CodeIgniter\Database\BaseConnection->query('SELECT *\nFROM `...', Array, false)
#4 C:\wamp64\www\coffee\system\Model.php(330): CodeIgniter\Database\BaseBuilder->get()
#5 C:\wamp64\www\coffee\system\BaseModel.php(714): CodeIgniter\Model->doFirst()
#6 C:\wamp64\www\coffee\app\Controllers\AuthController.php(28): CodeIgniter\BaseModel->first()
#7 C:\wamp64\www\coffee\system\CodeIgniter.php(933): App\Controllers\AuthController->login()
#8 C:\wamp64\www\coffee\system\CodeIgniter.php(509): CodeIgniter\CodeIgniter->runController(Object(App\Controllers\AuthController))
#9 C:\wamp64\www\coffee\system\CodeIgniter.php(355): CodeIgniter\CodeIgniter->handleRequest(NULL, Object(Config\Cache), false)
#10 C:\wamp64\www\coffee\system\Boot.php(325): CodeIgniter\CodeIgniter->run()
#11 C:\wamp64\www\coffee\system\Boot.php(67): CodeIgniter\Boot::runCodeIgniter(Object(CodeIgniter\CodeIgniter))
#12 C:\wamp64\www\coffee\public\index.php(56): CodeIgniter\Boot::bootWeb(Object(Config\Paths))
#13 {main}

Next CodeIgniter\Database\Exceptions\DatabaseException: Unknown database 'ci4' in C:\wamp64\www\coffee\system\Database\MySQLi\Connection.php:231
Stack trace:
#0 C:\wamp64\www\coffee\system\Database\BaseConnection.php(421): CodeIgniter\Database\MySQLi\Connection->connect(false)
#1 C:\wamp64\www\coffee\system\Database\BaseConnection.php(616): CodeIgniter\Database\BaseConnection->initialize()
#2 C:\wamp64\www\coffee\system\Database\BaseBuilder.php(1636): CodeIgniter\Database\BaseConnection->query('SELECT *\nFROM `...', Array, false)
#3 C:\wamp64\www\coffee\system\Model.php(330): CodeIgniter\Database\BaseBuilder->get()
#4 C:\wamp64\www\coffee\system\BaseModel.php(714): CodeIgniter\Model->doFirst()
#5 C:\wamp64\www\coffee\app\Controllers\AuthController.php(28): CodeIgniter\BaseModel->first()
#6 C:\wamp64\www\coffee\system\CodeIgniter.php(933): App\Controllers\AuthController->login()
#7 C:\wamp64\www\coffee\system\CodeIgniter.php(509): CodeIgniter\CodeIgniter->runController(Object(App\Controllers\AuthController))
#8 C:\wamp64\www\coffee\system\CodeIgniter.php(355): CodeIgniter\CodeIgniter->handleRequest(NULL, Object(Config\Cache), false)
#9 C:\wamp64\www\coffee\system\Boot.php(325): CodeIgniter\CodeIgniter->run()
#10 C:\wamp64\www\coffee\system\Boot.php(67): CodeIgniter\Boot::runCodeIgniter(Object(CodeIgniter\CodeIgniter))
#11 C:\wamp64\www\coffee\public\index.php(56): CodeIgniter\Boot::bootWeb(Object(Config\Paths))
#12 {main}
CRITICAL - 2024-09-08 18:48:42 --> CodeIgniter\Database\Exceptions\DatabaseException: Unable to connect to the database.
Main connection [MySQLi]: Unknown database 'ci4'
[Method: POST, Route: login]
in SYSTEMPATH\Database\BaseConnection.php on line 467.
 1 SYSTEMPATH\Database\BaseConnection.php(616): CodeIgniter\Database\BaseConnection->initialize()
 2 SYSTEMPATH\Database\BaseBuilder.php(1636): CodeIgniter\Database\BaseConnection->query('SELECT *
FROM `users`
WHERE `email` = :email:
 LIMIT 1', [...], false)
 3 SYSTEMPATH\Model.php(330): CodeIgniter\Database\BaseBuilder->get()
 4 SYSTEMPATH\BaseModel.php(714): CodeIgniter\Model->doFirst()
 5 APPPATH\Controllers\AuthController.php(28): CodeIgniter\BaseModel->first()
 6 SYSTEMPATH\CodeIgniter.php(933): App\Controllers\AuthController->login()
 7 SYSTEMPATH\CodeIgniter.php(509): CodeIgniter\CodeIgniter->runController(Object(App\Controllers\AuthController))
 8 SYSTEMPATH\CodeIgniter.php(355): CodeIgniter\CodeIgniter->handleRequest(null, Object(Config\Cache), false)
 9 SYSTEMPATH\Boot.php(325): CodeIgniter\CodeIgniter->run()
10 SYSTEMPATH\Boot.php(67): CodeIgniter\Boot::runCodeIgniter(Object(CodeIgniter\CodeIgniter))
11 FCPATH\index.php(56): CodeIgniter\Boot::bootWeb(Object(Config\Paths))
INFO - 2024-09-08 18:49:06 --> Session: Class initialized using 'CodeIgniter\Session\Handlers\FileHandler' driver.
ERROR - 2024-09-08 18:49:08 --> Error connecting to the database: mysqli_sql_exception: Unknown database 'ci4' in C:\wamp64\www\coffee\system\Database\MySQLi\Connection.php:187
Stack trace:
#0 C:\wamp64\www\coffee\system\Database\MySQLi\Connection.php(187): mysqli->real_connect('localhost', 'root', 'root', 'ci4', 3306, '', 0)
#1 C:\wamp64\www\coffee\system\Database\BaseConnection.php(421): CodeIgniter\Database\MySQLi\Connection->connect(false)
#2 C:\wamp64\www\coffee\system\Database\BaseConnection.php(616): CodeIgniter\Database\BaseConnection->initialize()
#3 C:\wamp64\www\coffee\system\Database\BaseBuilder.php(1636): CodeIgniter\Database\BaseConnection->query('SELECT *\nFROM `...', Array, false)
#4 C:\wamp64\www\coffee\system\Model.php(330): CodeIgniter\Database\BaseBuilder->get()
#5 C:\wamp64\www\coffee\system\BaseModel.php(714): CodeIgniter\Model->doFirst()
#6 C:\wamp64\www\coffee\app\Controllers\AuthController.php(28): CodeIgniter\BaseModel->first()
#7 C:\wamp64\www\coffee\system\CodeIgniter.php(933): App\Controllers\AuthController->login()
#8 C:\wamp64\www\coffee\system\CodeIgniter.php(509): CodeIgniter\CodeIgniter->runController(Object(App\Controllers\AuthController))
#9 C:\wamp64\www\coffee\system\CodeIgniter.php(355): CodeIgniter\CodeIgniter->handleRequest(NULL, Object(Config\Cache), false)
#10 C:\wamp64\www\coffee\system\Boot.php(325): CodeIgniter\CodeIgniter->run()
#11 C:\wamp64\www\coffee\system\Boot.php(67): CodeIgniter\Boot::runCodeIgniter(Object(CodeIgniter\CodeIgniter))
#12 C:\wamp64\www\coffee\public\index.php(56): CodeIgniter\Boot::bootWeb(Object(Config\Paths))
#13 {main}

Next CodeIgniter\Database\Exceptions\DatabaseException: Unknown database 'ci4' in C:\wamp64\www\coffee\system\Database\MySQLi\Connection.php:231
Stack trace:
#0 C:\wamp64\www\coffee\system\Database\BaseConnection.php(421): CodeIgniter\Database\MySQLi\Connection->connect(false)
#1 C:\wamp64\www\coffee\system\Database\BaseConnection.php(616): CodeIgniter\Database\BaseConnection->initialize()
#2 C:\wamp64\www\coffee\system\Database\BaseBuilder.php(1636): CodeIgniter\Database\BaseConnection->query('SELECT *\nFROM `...', Array, false)
#3 C:\wamp64\www\coffee\system\Model.php(330): CodeIgniter\Database\BaseBuilder->get()
#4 C:\wamp64\www\coffee\system\BaseModel.php(714): CodeIgniter\Model->doFirst()
#5 C:\wamp64\www\coffee\app\Controllers\AuthController.php(28): CodeIgniter\BaseModel->first()
#6 C:\wamp64\www\coffee\system\CodeIgniter.php(933): App\Controllers\AuthController->login()
#7 C:\wamp64\www\coffee\system\CodeIgniter.php(509): CodeIgniter\CodeIgniter->runController(Object(App\Controllers\AuthController))
#8 C:\wamp64\www\coffee\system\CodeIgniter.php(355): CodeIgniter\CodeIgniter->handleRequest(NULL, Object(Config\Cache), false)
#9 C:\wamp64\www\coffee\system\Boot.php(325): CodeIgniter\CodeIgniter->run()
#10 C:\wamp64\www\coffee\system\Boot.php(67): CodeIgniter\Boot::runCodeIgniter(Object(CodeIgniter\CodeIgniter))
#11 C:\wamp64\www\coffee\public\index.php(56): CodeIgniter\Boot::bootWeb(Object(Config\Paths))
#12 {main}
CRITICAL - 2024-09-08 18:49:08 --> CodeIgniter\Database\Exceptions\DatabaseException: Unable to connect to the database.
Main connection [MySQLi]: Unknown database 'ci4'
[Method: POST, Route: login]
in SYSTEMPATH\Database\BaseConnection.php on line 467.
 1 SYSTEMPATH\Database\BaseConnection.php(616): CodeIgniter\Database\BaseConnection->initialize()
 2 SYSTEMPATH\Database\BaseBuilder.php(1636): CodeIgniter\Database\BaseConnection->query('SELECT *
FROM `users`
WHERE `email` = :email:
 LIMIT 1', [...], false)
 3 SYSTEMPATH\Model.php(330): CodeIgniter\Database\BaseBuilder->get()
 4 SYSTEMPATH\BaseModel.php(714): CodeIgniter\Model->doFirst()
 5 APPPATH\Controllers\AuthController.php(28): CodeIgniter\BaseModel->first()
 6 SYSTEMPATH\CodeIgniter.php(933): App\Controllers\AuthController->login()
 7 SYSTEMPATH\CodeIgniter.php(509): CodeIgniter\CodeIgniter->runController(Object(App\Controllers\AuthController))
 8 SYSTEMPATH\CodeIgniter.php(355): CodeIgniter\CodeIgniter->handleRequest(null, Object(Config\Cache), false)
 9 SYSTEMPATH\Boot.php(325): CodeIgniter\CodeIgniter->run()
10 SYSTEMPATH\Boot.php(67): CodeIgniter\Boot::runCodeIgniter(Object(CodeIgniter\CodeIgniter))
11 FCPATH\index.php(56): CodeIgniter\Boot::bootWeb(Object(Config\Paths))
INFO - 2024-09-08 18:49:32 --> Session: Class initialized using 'CodeIgniter\Session\Handlers\FileHandler' driver.
INFO - 2024-09-08 18:49:34 --> Session: Class initialized using 'CodeIgniter\Session\Handlers\FileHandler' driver.
INFO - 2024-09-08 18:51:05 --> Session: Class initialized using 'CodeIgniter\Session\Handlers\FileHandler' driver.
INFO - 2024-09-08 18:51:14 --> Session: Class initialized using 'CodeIgniter\Session\Handlers\FileHandler' driver.
INFO - 2024-09-08 18:53:34 --> Session: Class initialized using 'CodeIgniter\Session\Handlers\FileHandler' driver.
INFO - 2024-09-08 19:34:42 --> Session: Class initialized using 'CodeIgniter\Session\Handlers\FileHandler' driver.
INFO - 2024-09-08 19:36:17 --> Session: Class initialized using 'CodeIgniter\Session\Handlers\FileHandler' driver.
INFO - 2024-09-08 19:36:18 --> Session: Class initialized using 'CodeIgniter\Session\Handlers\FileHandler' driver.
INFO - 2024-09-08 19:36:25 --> Session: Class initialized using 'CodeIgniter\Session\Handlers\FileHandler' driver.
INFO - 2024-09-08 19:41:33 --> Session: Class initialized using 'CodeIgniter\Session\Handlers\FileHandler' driver.
INFO - 2024-09-08 19:43:03 --> Session: Class initialized using 'CodeIgniter\Session\Handlers\FileHandler' driver.
INFO - 2024-09-08 19:43:38 --> Session: Class initialized using 'CodeIgniter\Session\Handlers\FileHandler' driver.
INFO - 2024-09-08 19:47:29 --> Session: Class initialized using 'CodeIgniter\Session\Handlers\FileHandler' driver.
INFO - 2024-09-08 19:51:22 --> Session: Class initialized using 'CodeIgniter\Session\Handlers\FileHandler' driver.
INFO - 2024-09-08 19:51:23 --> Session: Class initialized using 'CodeIgniter\Session\Handlers\FileHandler' driver.
INFO - 2024-09-08 19:52:09 --> Session: Class initialized using 'CodeIgniter\Session\Handlers\FileHandler' driver.
INFO - 2024-09-08 20:44:08 --> Session: Class initialized using 'CodeIgniter\Session\Handlers\FileHandler' driver.
INFO - 2024-09-08 20:46:08 --> Session: Class initialized using 'CodeIgniter\Session\Handlers\FileHandler' driver.
INFO - 2024-09-08 20:46:22 --> Session: Class initialized using 'CodeIgniter\Session\Handlers\FileHandler' driver.
