INFO - 2024-09-06 17:11:40 --> Session: Class initialized using 'CodeIgniter\Session\Handlers\FileHandler' driver.
INFO - 2024-09-06 17:11:40 --> Session: Class initialized using 'CodeIgniter\Session\Handlers\FileHandler' driver.
INFO - 2024-09-06 17:11:53 --> Session: Class initialized using 'CodeIgniter\Session\Handlers\FileHandler' driver.
INFO - 2024-09-06 17:14:26 --> Session: Class initialized using 'CodeIgniter\Session\Handlers\FileHandler' driver.
INFO - 2024-09-06 17:17:34 --> Session: Class initialized using 'CodeIgniter\Session\Handlers\FileHandler' driver.
INFO - 2024-09-06 17:17:59 --> Session: Class initialized using 'CodeIgniter\Session\Handlers\FileHandler' driver.
INFO - 2024-09-06 17:23:19 --> Session: Class initialized using 'CodeIgniter\Session\Handlers\FileHandler' driver.
INFO - 2024-09-06 20:22:14 --> Session: Class initialized using 'CodeIgniter\Session\Handlers\FileHandler' driver.
CRITICAL - 2024-09-06 20:22:15 --> ErrorException: Trying to access array offset on value of type null
[Method: GET, Route: sales]
in APPPATH\Views\partials\main.php on line 180.
 1 APPPATH\Views\partials\main.php(180): CodeIgniter\Debug\Exceptions->errorHandler(2, 'Trying to access array offset on value of type null', 'C:\\wamp64\\www\\coffee\\app\\Views\\partials\\main.php', 180)
 2 SYSTEMPATH\View\View.php(234): include('C:\\wamp64\\www\\coffee\\app\\Views\\partials\\main.php')
 3 SYSTEMPATH\View\View.php(237): CodeIgniter\View\View->CodeIgniter\View\{closure}()
 4 SYSTEMPATH\View\View.php(250): CodeIgniter\View\View->render('partials/main', [], true)
 5 SYSTEMPATH\Common.php(1171): CodeIgniter\View\View->render('buyers/salesView', [], true)
 6 APPPATH\Controllers\BuyersController.php(85): view('buyers/salesView', [...])
 7 SYSTEMPATH\CodeIgniter.php(933): App\Controllers\BuyersController->salesPage()
 8 SYSTEMPATH\CodeIgniter.php(509): CodeIgniter\CodeIgniter->runController(Object(App\Controllers\BuyersController))
 9 SYSTEMPATH\CodeIgniter.php(355): CodeIgniter\CodeIgniter->handleRequest(null, Object(Config\Cache), false)
10 SYSTEMPATH\Boot.php(325): CodeIgniter\CodeIgniter->run()
11 SYSTEMPATH\Boot.php(67): CodeIgniter\Boot::runCodeIgniter(Object(CodeIgniter\CodeIgniter))
12 FCPATH\index.php(56): CodeIgniter\Boot::bootWeb(Object(Config\Paths))
INFO - 2024-09-06 20:23:20 --> Session: Class initialized using 'CodeIgniter\Session\Handlers\FileHandler' driver.
CRITICAL - 2024-09-06 20:23:20 --> ErrorException: Trying to access array offset on value of type null
[Method: GET, Route: sales]
in APPPATH\Views\partials\main.php on line 180.
 1 APPPATH\Views\partials\main.php(180): CodeIgniter\Debug\Exceptions->errorHandler(2, 'Trying to access array offset on value of type null', 'C:\\wamp64\\www\\coffee\\app\\Views\\partials\\main.php', 180)
 2 SYSTEMPATH\View\View.php(234): include('C:\\wamp64\\www\\coffee\\app\\Views\\partials\\main.php')
 3 SYSTEMPATH\View\View.php(237): CodeIgniter\View\View->CodeIgniter\View\{closure}()
 4 SYSTEMPATH\View\View.php(250): CodeIgniter\View\View->render('partials/main', [], true)
 5 SYSTEMPATH\Common.php(1171): CodeIgniter\View\View->render('buyers/salesView', [], true)
 6 APPPATH\Controllers\BuyersController.php(85): view('buyers/salesView', [...])
 7 SYSTEMPATH\CodeIgniter.php(933): App\Controllers\BuyersController->salesPage()
 8 SYSTEMPATH\CodeIgniter.php(509): CodeIgniter\CodeIgniter->runController(Object(App\Controllers\BuyersController))
 9 SYSTEMPATH\CodeIgniter.php(355): CodeIgniter\CodeIgniter->handleRequest(null, Object(Config\Cache), false)
10 SYSTEMPATH\Boot.php(325): CodeIgniter\CodeIgniter->run()
11 SYSTEMPATH\Boot.php(67): CodeIgniter\Boot::runCodeIgniter(Object(CodeIgniter\CodeIgniter))
12 FCPATH\index.php(56): CodeIgniter\Boot::bootWeb(Object(Config\Paths))
INFO - 2024-09-06 20:23:47 --> Session: Class initialized using 'CodeIgniter\Session\Handlers\FileHandler' driver.
INFO - 2024-09-06 20:23:47 --> Session: Class initialized using 'CodeIgniter\Session\Handlers\FileHandler' driver.
INFO - 2024-09-06 20:23:59 --> Session: Class initialized using 'CodeIgniter\Session\Handlers\FileHandler' driver.
CRITICAL - 2024-09-06 20:36:01 --> ErrorException: Undefined array key "editData"
[Method: POST, Route: saleReport/editData]
in APPPATH\Controllers\BuyersController.php on line 236.
 1 APPPATH\Controllers\BuyersController.php(236): CodeIgniter\Debug\Exceptions->errorHandler(2, 'Undefined array key "editData"', 'C:\\wamp64\\www\\coffee\\app\\Controllers\\BuyersController.php', 236)
 2 SYSTEMPATH\CodeIgniter.php(933): App\Controllers\BuyersController->editSalesReportData()
 3 SYSTEMPATH\CodeIgniter.php(509): CodeIgniter\CodeIgniter->runController(Object(App\Controllers\BuyersController))
 4 SYSTEMPATH\CodeIgniter.php(355): CodeIgniter\CodeIgniter->handleRequest(null, Object(Config\Cache), false)
 5 SYSTEMPATH\Boot.php(325): CodeIgniter\CodeIgniter->run()
 6 SYSTEMPATH\Boot.php(67): CodeIgniter\Boot::runCodeIgniter(Object(CodeIgniter\CodeIgniter))
 7 FCPATH\index.php(56): CodeIgniter\Boot::bootWeb(Object(Config\Paths))
CRITICAL - 2024-09-06 20:40:34 --> ErrorException: Array to string conversion
[Method: POST, Route: saleReport/editData]
in APPPATH\Models\BuyersModel.php on line 76.
 1 APPPATH\Models\BuyersModel.php(76): CodeIgniter\Debug\Exceptions->errorHandler(2, 'Array to string conversion', 'C:\\wamp64\\www\\coffee\\app\\Models\\BuyersModel.php', 76)
 2 APPPATH\Controllers\BuyersController.php(223): App\Models\BuyersModel->salesReportData(1, [...], '', '', '')
 3 SYSTEMPATH\CodeIgniter.php(933): App\Controllers\BuyersController->editSalesReportData()
 4 SYSTEMPATH\CodeIgniter.php(509): CodeIgniter\CodeIgniter->runController(Object(App\Controllers\BuyersController))
 5 SYSTEMPATH\CodeIgniter.php(355): CodeIgniter\CodeIgniter->handleRequest(null, Object(Config\Cache), false)
 6 SYSTEMPATH\Boot.php(325): CodeIgniter\CodeIgniter->run()
 7 SYSTEMPATH\Boot.php(67): CodeIgniter\Boot::runCodeIgniter(Object(CodeIgniter\CodeIgniter))
 8 FCPATH\index.php(56): CodeIgniter\Boot::bootWeb(Object(Config\Paths))
INFO - 2024-09-06 20:41:31 --> Session: Class initialized using 'CodeIgniter\Session\Handlers\FileHandler' driver.
INFO - 2024-09-06 20:46:22 --> Session: Class initialized using 'CodeIgniter\Session\Handlers\FileHandler' driver.
INFO - 2024-09-06 20:56:12 --> Session: Class initialized using 'CodeIgniter\Session\Handlers\FileHandler' driver.
INFO - 2024-09-06 20:56:57 --> Session: Class initialized using 'CodeIgniter\Session\Handlers\FileHandler' driver.
INFO - 2024-09-06 20:59:28 --> Session: Class initialized using 'CodeIgniter\Session\Handlers\FileHandler' driver.
INFO - 2024-09-06 21:00:10 --> Session: Class initialized using 'CodeIgniter\Session\Handlers\FileHandler' driver.
INFO - 2024-09-06 21:00:22 --> Session: Class initialized using 'CodeIgniter\Session\Handlers\FileHandler' driver.
INFO - 2024-09-06 21:03:31 --> Session: Class initialized using 'CodeIgniter\Session\Handlers\FileHandler' driver.
