INFO - 2024-09-16 18:33:19 --> Session: Class initialized using 'CodeIgniter\Session\Handlers\FileHandler' driver.
CRITICAL - 2024-09-16 18:33:19 --> ErrorException: Trying to access array offset on value of type null
[Method: GET, Route: home]
in APPPATH\Views\dashboard\index.php on line 8.
 1 APPPATH\Views\dashboard\index.php(8): CodeIgniter\Debug\Exceptions->errorHandler(2, 'Trying to access array offset on value of type null', 'C:\\wamp64\\www\\coffee\\app\\Views\\dashboard\\index.php', 8)
 2 SYSTEMPATH\View\View.php(234): include('C:\\wamp64\\www\\coffee\\app\\Views\\dashboard\\index.php')
 3 SYSTEMPATH\View\View.php(237): CodeIgniter\View\View->CodeIgniter\View\{closure}()
 4 SYSTEMPATH\Common.php(1171): CodeIgniter\View\View->render('dashboard/index', [], true)
 5 APPPATH\Controllers\DashboardController.php(28): view('dashboard/index', [...])
 6 SYSTEMPATH\CodeIgniter.php(933): App\Controllers\DashboardController->index()
 7 SYSTEMPATH\CodeIgniter.php(509): CodeIgniter\CodeIgniter->runController(Object(App\Controllers\DashboardController))
 8 SYSTEMPATH\CodeIgniter.php(355): CodeIgniter\CodeIgniter->handleRequest(null, Object(Config\Cache), false)
 9 SYSTEMPATH\Boot.php(325): CodeIgniter\CodeIgniter->run()
10 SYSTEMPATH\Boot.php(67): CodeIgniter\Boot::runCodeIgniter(Object(CodeIgniter\CodeIgniter))
11 FCPATH\index.php(56): CodeIgniter\Boot::bootWeb(Object(Config\Paths))
INFO - 2024-09-16 18:33:21 --> Session: Class initialized using 'CodeIgniter\Session\Handlers\FileHandler' driver.
CRITICAL - 2024-09-16 18:33:21 --> ErrorException: Trying to access array offset on value of type null
[Method: GET, Route: home]
in APPPATH\Views\dashboard\index.php on line 8.
 1 APPPATH\Views\dashboard\index.php(8): CodeIgniter\Debug\Exceptions->errorHandler(2, 'Trying to access array offset on value of type null', 'C:\\wamp64\\www\\coffee\\app\\Views\\dashboard\\index.php', 8)
 2 SYSTEMPATH\View\View.php(234): include('C:\\wamp64\\www\\coffee\\app\\Views\\dashboard\\index.php')
 3 SYSTEMPATH\View\View.php(237): CodeIgniter\View\View->CodeIgniter\View\{closure}()
 4 SYSTEMPATH\Common.php(1171): CodeIgniter\View\View->render('dashboard/index', [], true)
 5 APPPATH\Controllers\DashboardController.php(28): view('dashboard/index', [...])
 6 SYSTEMPATH\CodeIgniter.php(933): App\Controllers\DashboardController->index()
 7 SYSTEMPATH\CodeIgniter.php(509): CodeIgniter\CodeIgniter->runController(Object(App\Controllers\DashboardController))
 8 SYSTEMPATH\CodeIgniter.php(355): CodeIgniter\CodeIgniter->handleRequest(null, Object(Config\Cache), false)
 9 SYSTEMPATH\Boot.php(325): CodeIgniter\CodeIgniter->run()
10 SYSTEMPATH\Boot.php(67): CodeIgniter\Boot::runCodeIgniter(Object(CodeIgniter\CodeIgniter))
11 FCPATH\index.php(56): CodeIgniter\Boot::bootWeb(Object(Config\Paths))
INFO - 2024-09-16 18:33:28 --> Session: Class initialized using 'CodeIgniter\Session\Handlers\FileHandler' driver.
INFO - 2024-09-16 18:33:34 --> Session: Class initialized using 'CodeIgniter\Session\Handlers\FileHandler' driver.
INFO - 2024-09-16 18:33:34 --> Session: Class initialized using 'CodeIgniter\Session\Handlers\FileHandler' driver.
INFO - 2024-09-16 18:34:31 --> Session: Class initialized using 'CodeIgniter\Session\Handlers\FileHandler' driver.
INFO - 2024-09-16 18:36:15 --> Session: Class initialized using 'CodeIgniter\Session\Handlers\FileHandler' driver.
INFO - 2024-09-16 18:36:37 --> Session: Class initialized using 'CodeIgniter\Session\Handlers\FileHandler' driver.
INFO - 2024-09-16 18:37:47 --> Session: Class initialized using 'CodeIgniter\Session\Handlers\FileHandler' driver.
ERROR - 2024-09-16 18:37:49 --> mysqli_sql_exception: Incorrect DATE value: '' in C:\wamp64\www\coffee\system\Database\MySQLi\Connection.php:312
Stack trace:
#0 C:\wamp64\www\coffee\system\Database\MySQLi\Connection.php(312): mysqli->query('SELECT qty_out ...', 0)
#1 C:\wamp64\www\coffee\system\Database\BaseConnection.php(734): CodeIgniter\Database\MySQLi\Connection->execute('SELECT qty_out ...')
#2 C:\wamp64\www\coffee\system\Database\BaseConnection.php(648): CodeIgniter\Database\BaseConnection->simpleQuery('SELECT qty_out ...')
#3 C:\wamp64\www\coffee\app\Models\BuyersModel.php(128): CodeIgniter\Database\BaseConnection->query('SELECT qty_out ...')
#4 C:\wamp64\www\coffee\app\Controllers\DashboardController.php(36): App\Models\BuyersModel->previousSales(1, '', '', '')
#5 C:\wamp64\www\coffee\system\CodeIgniter.php(933): App\Controllers\DashboardController->previousSales()
#6 C:\wamp64\www\coffee\system\CodeIgniter.php(509): CodeIgniter\CodeIgniter->runController(Object(App\Controllers\DashboardController))
#7 C:\wamp64\www\coffee\system\CodeIgniter.php(355): CodeIgniter\CodeIgniter->handleRequest(NULL, Object(Config\Cache), false)
#8 C:\wamp64\www\coffee\system\Boot.php(325): CodeIgniter\CodeIgniter->run()
#9 C:\wamp64\www\coffee\system\Boot.php(67): CodeIgniter\Boot::runCodeIgniter(Object(CodeIgniter\CodeIgniter))
#10 C:\wamp64\www\coffee\public\index.php(56): CodeIgniter\Boot::bootWeb(Object(Config\Paths))
#11 {main}
CRITICAL - 2024-09-16 18:37:49 --> CodeIgniter\Database\Exceptions\DatabaseException: Incorrect DATE value: ''
[Method: POST, Route: sales/salesByType]
in SYSTEMPATH\Database\BaseConnection.php on line 688.
 1 APPPATH\Models\BuyersModel.php(128): CodeIgniter\Database\BaseConnection->query('SELECT qty_out AS salesQty, (qty_out * price * exch_rate) AS salesValue, type_name
            FROM inventory
            JOIN sales ON inventory.transaction_id = sales.sales_id
            LEFT JOIN grades USING (grade_id)
            LEFT JOIN coffee_category USING (category_id)
            LEFT JOIN coffee_types USING (type_id)
            WHERE sales.fpo = \'1\' AND inventory.transaction_type_id = 2 
            AND inventory.trans_date BETWEEN \'\' AND \'\'')
 2 APPPATH\Controllers\DashboardController.php(36): App\Models\BuyersModel->previousSales(1, '', '', '')
 3 SYSTEMPATH\CodeIgniter.php(933): App\Controllers\DashboardController->previousSales()
 4 SYSTEMPATH\CodeIgniter.php(509): CodeIgniter\CodeIgniter->runController(Object(App\Controllers\DashboardController))
 5 SYSTEMPATH\CodeIgniter.php(355): CodeIgniter\CodeIgniter->handleRequest(null, Object(Config\Cache), false)
 6 SYSTEMPATH\Boot.php(325): CodeIgniter\CodeIgniter->run()
 7 SYSTEMPATH\Boot.php(67): CodeIgniter\Boot::runCodeIgniter(Object(CodeIgniter\CodeIgniter))
 8 FCPATH\index.php(56): CodeIgniter\Boot::bootWeb(Object(Config\Paths))
CRITICAL - 2024-09-16 18:37:49 --> [Caused by] CodeIgniter\Database\Exceptions\DatabaseException: Incorrect DATE value: ''
in SYSTEMPATH\Database\MySQLi\Connection.php on line 317.
 1 SYSTEMPATH\Database\BaseConnection.php(734): CodeIgniter\Database\MySQLi\Connection->execute('SELECT qty_out AS salesQty, (qty_out * price * exch_rate) AS salesValue, type_name
            FROM inventory
            JOIN sales ON inventory.transaction_id = sales.sales_id
            LEFT JOIN grades USING (grade_id)
            LEFT JOIN coffee_category USING (category_id)
            LEFT JOIN coffee_types USING (type_id)
            WHERE sales.fpo = \'1\' AND inventory.transaction_type_id = 2 
            AND inventory.trans_date BETWEEN \'\' AND \'\'')
 2 SYSTEMPATH\Database\BaseConnection.php(648): CodeIgniter\Database\BaseConnection->simpleQuery('SELECT qty_out AS salesQty, (qty_out * price * exch_rate) AS salesValue, type_name
            FROM inventory
            JOIN sales ON inventory.transaction_id = sales.sales_id
            LEFT JOIN grades USING (grade_id)
            LEFT JOIN coffee_category USING (category_id)
            LEFT JOIN coffee_types USING (type_id)
            WHERE sales.fpo = \'1\' AND inventory.transaction_type_id = 2 
            AND inventory.trans_date BETWEEN \'\' AND \'\'')
 3 APPPATH\Models\BuyersModel.php(128): CodeIgniter\Database\BaseConnection->query('SELECT qty_out AS salesQty, (qty_out * price * exch_rate) AS salesValue, type_name
            FROM inventory
            JOIN sales ON inventory.transaction_id = sales.sales_id
            LEFT JOIN grades USING (grade_id)
            LEFT JOIN coffee_category USING (category_id)
            LEFT JOIN coffee_types USING (type_id)
            WHERE sales.fpo = \'1\' AND inventory.transaction_type_id = 2 
            AND inventory.trans_date BETWEEN \'\' AND \'\'')
 4 APPPATH\Controllers\DashboardController.php(36): App\Models\BuyersModel->previousSales(1, '', '', '')
 5 SYSTEMPATH\CodeIgniter.php(933): App\Controllers\DashboardController->previousSales()
 6 SYSTEMPATH\CodeIgniter.php(509): CodeIgniter\CodeIgniter->runController(Object(App\Controllers\DashboardController))
 7 SYSTEMPATH\CodeIgniter.php(355): CodeIgniter\CodeIgniter->handleRequest(null, Object(Config\Cache), false)
 8 SYSTEMPATH\Boot.php(325): CodeIgniter\CodeIgniter->run()
 9 SYSTEMPATH\Boot.php(67): CodeIgniter\Boot::runCodeIgniter(Object(CodeIgniter\CodeIgniter))
10 FCPATH\index.php(56): CodeIgniter\Boot::bootWeb(Object(Config\Paths))
CRITICAL - 2024-09-16 18:37:49 --> [Caused by] mysqli_sql_exception: Incorrect DATE value: ''
in SYSTEMPATH\Database\MySQLi\Connection.php on line 312.
 1 SYSTEMPATH\Database\MySQLi\Connection.php(312): mysqli->query('SELECT qty_out AS salesQty, (qty_out * price * exch_rate) AS salesValue, type_name
            FROM inventory
            JOIN sales ON inventory.transaction_id = sales.sales_id
            LEFT JOIN grades USING (grade_id)
            LEFT JOIN coffee_category USING (category_id)
            LEFT JOIN coffee_types USING (type_id)
            WHERE sales.fpo = \'1\' AND inventory.transaction_type_id = 2 
            AND inventory.trans_date BETWEEN \'\' AND \'\'', 0)
 2 SYSTEMPATH\Database\BaseConnection.php(734): CodeIgniter\Database\MySQLi\Connection->execute('SELECT qty_out AS salesQty, (qty_out * price * exch_rate) AS salesValue, type_name
            FROM inventory
            JOIN sales ON inventory.transaction_id = sales.sales_id
            LEFT JOIN grades USING (grade_id)
            LEFT JOIN coffee_category USING (category_id)
            LEFT JOIN coffee_types USING (type_id)
            WHERE sales.fpo = \'1\' AND inventory.transaction_type_id = 2 
            AND inventory.trans_date BETWEEN \'\' AND \'\'')
 3 SYSTEMPATH\Database\BaseConnection.php(648): CodeIgniter\Database\BaseConnection->simpleQuery('SELECT qty_out AS salesQty, (qty_out * price * exch_rate) AS salesValue, type_name
            FROM inventory
            JOIN sales ON inventory.transaction_id = sales.sales_id
            LEFT JOIN grades USING (grade_id)
            LEFT JOIN coffee_category USING (category_id)
            LEFT JOIN coffee_types USING (type_id)
            WHERE sales.fpo = \'1\' AND inventory.transaction_type_id = 2 
            AND inventory.trans_date BETWEEN \'\' AND \'\'')
 4 APPPATH\Models\BuyersModel.php(128): CodeIgniter\Database\BaseConnection->query('SELECT qty_out AS salesQty, (qty_out * price * exch_rate) AS salesValue, type_name
            FROM inventory
            JOIN sales ON inventory.transaction_id = sales.sales_id
            LEFT JOIN grades USING (grade_id)
            LEFT JOIN coffee_category USING (category_id)
            LEFT JOIN coffee_types USING (type_id)
            WHERE sales.fpo = \'1\' AND inventory.transaction_type_id = 2 
            AND inventory.trans_date BETWEEN \'\' AND \'\'')
 5 APPPATH\Controllers\DashboardController.php(36): App\Models\BuyersModel->previousSales(1, '', '', '')
 6 SYSTEMPATH\CodeIgniter.php(933): App\Controllers\DashboardController->previousSales()
 7 SYSTEMPATH\CodeIgniter.php(509): CodeIgniter\CodeIgniter->runController(Object(App\Controllers\DashboardController))
 8 SYSTEMPATH\CodeIgniter.php(355): CodeIgniter\CodeIgniter->handleRequest(null, Object(Config\Cache), false)
 9 SYSTEMPATH\Boot.php(325): CodeIgniter\CodeIgniter->run()
10 SYSTEMPATH\Boot.php(67): CodeIgniter\Boot::runCodeIgniter(Object(CodeIgniter\CodeIgniter))
11 FCPATH\index.php(56): CodeIgniter\Boot::bootWeb(Object(Config\Paths))
INFO - 2024-09-16 18:38:14 --> Session: Class initialized using 'CodeIgniter\Session\Handlers\FileHandler' driver.
ERROR - 2024-09-16 18:38:24 --> mysqli_sql_exception: Incorrect DATE value: '' in C:\wamp64\www\coffee\system\Database\MySQLi\Connection.php:312
Stack trace:
#0 C:\wamp64\www\coffee\system\Database\MySQLi\Connection.php(312): mysqli->query('SELECT qty_out ...', 0)
#1 C:\wamp64\www\coffee\system\Database\BaseConnection.php(734): CodeIgniter\Database\MySQLi\Connection->execute('SELECT qty_out ...')
#2 C:\wamp64\www\coffee\system\Database\BaseConnection.php(648): CodeIgniter\Database\BaseConnection->simpleQuery('SELECT qty_out ...')
#3 C:\wamp64\www\coffee\app\Models\BuyersModel.php(128): CodeIgniter\Database\BaseConnection->query('SELECT qty_out ...')
#4 C:\wamp64\www\coffee\app\Controllers\DashboardController.php(36): App\Models\BuyersModel->previousSales(1, '', '', '')
#5 C:\wamp64\www\coffee\system\CodeIgniter.php(933): App\Controllers\DashboardController->previousSales()
#6 C:\wamp64\www\coffee\system\CodeIgniter.php(509): CodeIgniter\CodeIgniter->runController(Object(App\Controllers\DashboardController))
#7 C:\wamp64\www\coffee\system\CodeIgniter.php(355): CodeIgniter\CodeIgniter->handleRequest(NULL, Object(Config\Cache), false)
#8 C:\wamp64\www\coffee\system\Boot.php(325): CodeIgniter\CodeIgniter->run()
#9 C:\wamp64\www\coffee\system\Boot.php(67): CodeIgniter\Boot::runCodeIgniter(Object(CodeIgniter\CodeIgniter))
#10 C:\wamp64\www\coffee\public\index.php(56): CodeIgniter\Boot::bootWeb(Object(Config\Paths))
#11 {main}
CRITICAL - 2024-09-16 18:38:24 --> CodeIgniter\Database\Exceptions\DatabaseException: Incorrect DATE value: ''
[Method: POST, Route: sales/salesByType]
in SYSTEMPATH\Database\BaseConnection.php on line 688.
 1 APPPATH\Models\BuyersModel.php(128): CodeIgniter\Database\BaseConnection->query('SELECT qty_out AS salesQty, (qty_out * price * exch_rate) AS salesValue, type_name
            FROM inventory
            JOIN sales ON inventory.transaction_id = sales.sales_id
            LEFT JOIN grades USING (grade_id)
            LEFT JOIN coffee_category USING (category_id)
            LEFT JOIN coffee_types USING (type_id)
            WHERE sales.fpo = \'1\' AND inventory.transaction_type_id = 2 
            AND inventory.trans_date BETWEEN \'\' AND \'\'')
 2 APPPATH\Controllers\DashboardController.php(36): App\Models\BuyersModel->previousSales(1, '', '', '')
 3 SYSTEMPATH\CodeIgniter.php(933): App\Controllers\DashboardController->previousSales()
 4 SYSTEMPATH\CodeIgniter.php(509): CodeIgniter\CodeIgniter->runController(Object(App\Controllers\DashboardController))
 5 SYSTEMPATH\CodeIgniter.php(355): CodeIgniter\CodeIgniter->handleRequest(null, Object(Config\Cache), false)
 6 SYSTEMPATH\Boot.php(325): CodeIgniter\CodeIgniter->run()
 7 SYSTEMPATH\Boot.php(67): CodeIgniter\Boot::runCodeIgniter(Object(CodeIgniter\CodeIgniter))
 8 FCPATH\index.php(56): CodeIgniter\Boot::bootWeb(Object(Config\Paths))
CRITICAL - 2024-09-16 18:38:24 --> [Caused by] CodeIgniter\Database\Exceptions\DatabaseException: Incorrect DATE value: ''
in SYSTEMPATH\Database\MySQLi\Connection.php on line 317.
 1 SYSTEMPATH\Database\BaseConnection.php(734): CodeIgniter\Database\MySQLi\Connection->execute('SELECT qty_out AS salesQty, (qty_out * price * exch_rate) AS salesValue, type_name
            FROM inventory
            JOIN sales ON inventory.transaction_id = sales.sales_id
            LEFT JOIN grades USING (grade_id)
            LEFT JOIN coffee_category USING (category_id)
            LEFT JOIN coffee_types USING (type_id)
            WHERE sales.fpo = \'1\' AND inventory.transaction_type_id = 2 
            AND inventory.trans_date BETWEEN \'\' AND \'\'')
 2 SYSTEMPATH\Database\BaseConnection.php(648): CodeIgniter\Database\BaseConnection->simpleQuery('SELECT qty_out AS salesQty, (qty_out * price * exch_rate) AS salesValue, type_name
            FROM inventory
            JOIN sales ON inventory.transaction_id = sales.sales_id
            LEFT JOIN grades USING (grade_id)
            LEFT JOIN coffee_category USING (category_id)
            LEFT JOIN coffee_types USING (type_id)
            WHERE sales.fpo = \'1\' AND inventory.transaction_type_id = 2 
            AND inventory.trans_date BETWEEN \'\' AND \'\'')
 3 APPPATH\Models\BuyersModel.php(128): CodeIgniter\Database\BaseConnection->query('SELECT qty_out AS salesQty, (qty_out * price * exch_rate) AS salesValue, type_name
            FROM inventory
            JOIN sales ON inventory.transaction_id = sales.sales_id
            LEFT JOIN grades USING (grade_id)
            LEFT JOIN coffee_category USING (category_id)
            LEFT JOIN coffee_types USING (type_id)
            WHERE sales.fpo = \'1\' AND inventory.transaction_type_id = 2 
            AND inventory.trans_date BETWEEN \'\' AND \'\'')
 4 APPPATH\Controllers\DashboardController.php(36): App\Models\BuyersModel->previousSales(1, '', '', '')
 5 SYSTEMPATH\CodeIgniter.php(933): App\Controllers\DashboardController->previousSales()
 6 SYSTEMPATH\CodeIgniter.php(509): CodeIgniter\CodeIgniter->runController(Object(App\Controllers\DashboardController))
 7 SYSTEMPATH\CodeIgniter.php(355): CodeIgniter\CodeIgniter->handleRequest(null, Object(Config\Cache), false)
 8 SYSTEMPATH\Boot.php(325): CodeIgniter\CodeIgniter->run()
 9 SYSTEMPATH\Boot.php(67): CodeIgniter\Boot::runCodeIgniter(Object(CodeIgniter\CodeIgniter))
10 FCPATH\index.php(56): CodeIgniter\Boot::bootWeb(Object(Config\Paths))
CRITICAL - 2024-09-16 18:38:24 --> [Caused by] mysqli_sql_exception: Incorrect DATE value: ''
in SYSTEMPATH\Database\MySQLi\Connection.php on line 312.
 1 SYSTEMPATH\Database\MySQLi\Connection.php(312): mysqli->query('SELECT qty_out AS salesQty, (qty_out * price * exch_rate) AS salesValue, type_name
            FROM inventory
            JOIN sales ON inventory.transaction_id = sales.sales_id
            LEFT JOIN grades USING (grade_id)
            LEFT JOIN coffee_category USING (category_id)
            LEFT JOIN coffee_types USING (type_id)
            WHERE sales.fpo = \'1\' AND inventory.transaction_type_id = 2 
            AND inventory.trans_date BETWEEN \'\' AND \'\'', 0)
 2 SYSTEMPATH\Database\BaseConnection.php(734): CodeIgniter\Database\MySQLi\Connection->execute('SELECT qty_out AS salesQty, (qty_out * price * exch_rate) AS salesValue, type_name
            FROM inventory
            JOIN sales ON inventory.transaction_id = sales.sales_id
            LEFT JOIN grades USING (grade_id)
            LEFT JOIN coffee_category USING (category_id)
            LEFT JOIN coffee_types USING (type_id)
            WHERE sales.fpo = \'1\' AND inventory.transaction_type_id = 2 
            AND inventory.trans_date BETWEEN \'\' AND \'\'')
 3 SYSTEMPATH\Database\BaseConnection.php(648): CodeIgniter\Database\BaseConnection->simpleQuery('SELECT qty_out AS salesQty, (qty_out * price * exch_rate) AS salesValue, type_name
            FROM inventory
            JOIN sales ON inventory.transaction_id = sales.sales_id
            LEFT JOIN grades USING (grade_id)
            LEFT JOIN coffee_category USING (category_id)
            LEFT JOIN coffee_types USING (type_id)
            WHERE sales.fpo = \'1\' AND inventory.transaction_type_id = 2 
            AND inventory.trans_date BETWEEN \'\' AND \'\'')
 4 APPPATH\Models\BuyersModel.php(128): CodeIgniter\Database\BaseConnection->query('SELECT qty_out AS salesQty, (qty_out * price * exch_rate) AS salesValue, type_name
            FROM inventory
            JOIN sales ON inventory.transaction_id = sales.sales_id
            LEFT JOIN grades USING (grade_id)
            LEFT JOIN coffee_category USING (category_id)
            LEFT JOIN coffee_types USING (type_id)
            WHERE sales.fpo = \'1\' AND inventory.transaction_type_id = 2 
            AND inventory.trans_date BETWEEN \'\' AND \'\'')
 5 APPPATH\Controllers\DashboardController.php(36): App\Models\BuyersModel->previousSales(1, '', '', '')
 6 SYSTEMPATH\CodeIgniter.php(933): App\Controllers\DashboardController->previousSales()
 7 SYSTEMPATH\CodeIgniter.php(509): CodeIgniter\CodeIgniter->runController(Object(App\Controllers\DashboardController))
 8 SYSTEMPATH\CodeIgniter.php(355): CodeIgniter\CodeIgniter->handleRequest(null, Object(Config\Cache), false)
 9 SYSTEMPATH\Boot.php(325): CodeIgniter\CodeIgniter->run()
10 SYSTEMPATH\Boot.php(67): CodeIgniter\Boot::runCodeIgniter(Object(CodeIgniter\CodeIgniter))
11 FCPATH\index.php(56): CodeIgniter\Boot::bootWeb(Object(Config\Paths))
INFO - 2024-09-16 18:40:23 --> Session: Class initialized using 'CodeIgniter\Session\Handlers\FileHandler' driver.
INFO - 2024-09-16 18:41:12 --> Session: Class initialized using 'CodeIgniter\Session\Handlers\FileHandler' driver.
INFO - 2024-09-16 18:45:33 --> Session: Class initialized using 'CodeIgniter\Session\Handlers\FileHandler' driver.
INFO - 2024-09-16 18:56:39 --> Session: Class initialized using 'CodeIgniter\Session\Handlers\FileHandler' driver.
INFO - 2024-09-16 19:02:51 --> Session: Class initialized using 'CodeIgniter\Session\Handlers\FileHandler' driver.
INFO - 2024-09-16 19:04:35 --> Session: Class initialized using 'CodeIgniter\Session\Handlers\FileHandler' driver.
INFO - 2024-09-16 19:06:45 --> Session: Class initialized using 'CodeIgniter\Session\Handlers\FileHandler' driver.
INFO - 2024-09-16 19:20:29 --> Session: Class initialized using 'CodeIgniter\Session\Handlers\FileHandler' driver.
INFO - 2024-09-16 21:04:16 --> Session: Class initialized using 'CodeIgniter\Session\Handlers\FileHandler' driver.
ERROR - 2024-09-16 21:04:25 --> mysqli_sql_exception: Invalid use of group function in C:\wamp64\www\coffee\system\Database\MySQLi\Connection.php:312
Stack trace:
#0 C:\wamp64\www\coffee\system\Database\MySQLi\Connection.php(312): mysqli->query('SELECT acc_year...', 0)
#1 C:\wamp64\www\coffee\system\Database\BaseConnection.php(734): CodeIgniter\Database\MySQLi\Connection->execute('SELECT acc_year...')
#2 C:\wamp64\www\coffee\system\Database\BaseConnection.php(648): CodeIgniter\Database\BaseConnection->simpleQuery('SELECT acc_year...')
#3 C:\wamp64\www\coffee\app\Controllers\DashboardController.php(39): CodeIgniter\Database\BaseConnection->query('SELECT acc_year...')
#4 C:\wamp64\www\coffee\system\CodeIgniter.php(933): App\Controllers\DashboardController->previousSales()
#5 C:\wamp64\www\coffee\system\CodeIgniter.php(509): CodeIgniter\CodeIgniter->runController(Object(App\Controllers\DashboardController))
#6 C:\wamp64\www\coffee\system\CodeIgniter.php(355): CodeIgniter\CodeIgniter->handleRequest(NULL, Object(Config\Cache), false)
#7 C:\wamp64\www\coffee\system\Boot.php(325): CodeIgniter\CodeIgniter->run()
#8 C:\wamp64\www\coffee\system\Boot.php(67): CodeIgniter\Boot::runCodeIgniter(Object(CodeIgniter\CodeIgniter))
#9 C:\wamp64\www\coffee\public\index.php(56): CodeIgniter\Boot::bootWeb(Object(Config\Paths))
#10 {main}
CRITICAL - 2024-09-16 21:04:25 --> CodeIgniter\Database\Exceptions\DatabaseException: Invalid use of group function
[Method: POST, Route: sales/salesByType]
in SYSTEMPATH\Database\BaseConnection.php on line 688.
 1 APPPATH\Controllers\DashboardController.php(39): CodeIgniter\Database\BaseConnection->query('SELECT acc_year_id, fpo, start_date, end_date
                    FROM accounting_years WHERE acc_year_id = max(acc_year_id)
                    AND fpo = \'1\'')
 2 SYSTEMPATH\CodeIgniter.php(933): App\Controllers\DashboardController->previousSales()
 3 SYSTEMPATH\CodeIgniter.php(509): CodeIgniter\CodeIgniter->runController(Object(App\Controllers\DashboardController))
 4 SYSTEMPATH\CodeIgniter.php(355): CodeIgniter\CodeIgniter->handleRequest(null, Object(Config\Cache), false)
 5 SYSTEMPATH\Boot.php(325): CodeIgniter\CodeIgniter->run()
 6 SYSTEMPATH\Boot.php(67): CodeIgniter\Boot::runCodeIgniter(Object(CodeIgniter\CodeIgniter))
 7 FCPATH\index.php(56): CodeIgniter\Boot::bootWeb(Object(Config\Paths))
CRITICAL - 2024-09-16 21:04:25 --> [Caused by] CodeIgniter\Database\Exceptions\DatabaseException: Invalid use of group function
in SYSTEMPATH\Database\MySQLi\Connection.php on line 317.
 1 SYSTEMPATH\Database\BaseConnection.php(734): CodeIgniter\Database\MySQLi\Connection->execute('SELECT acc_year_id, fpo, start_date, end_date
                    FROM accounting_years WHERE acc_year_id = max(acc_year_id)
                    AND fpo = \'1\'')
 2 SYSTEMPATH\Database\BaseConnection.php(648): CodeIgniter\Database\BaseConnection->simpleQuery('SELECT acc_year_id, fpo, start_date, end_date
                    FROM accounting_years WHERE acc_year_id = max(acc_year_id)
                    AND fpo = \'1\'')
 3 APPPATH\Controllers\DashboardController.php(39): CodeIgniter\Database\BaseConnection->query('SELECT acc_year_id, fpo, start_date, end_date
                    FROM accounting_years WHERE acc_year_id = max(acc_year_id)
                    AND fpo = \'1\'')
 4 SYSTEMPATH\CodeIgniter.php(933): App\Controllers\DashboardController->previousSales()
 5 SYSTEMPATH\CodeIgniter.php(509): CodeIgniter\CodeIgniter->runController(Object(App\Controllers\DashboardController))
 6 SYSTEMPATH\CodeIgniter.php(355): CodeIgniter\CodeIgniter->handleRequest(null, Object(Config\Cache), false)
 7 SYSTEMPATH\Boot.php(325): CodeIgniter\CodeIgniter->run()
 8 SYSTEMPATH\Boot.php(67): CodeIgniter\Boot::runCodeIgniter(Object(CodeIgniter\CodeIgniter))
 9 FCPATH\index.php(56): CodeIgniter\Boot::bootWeb(Object(Config\Paths))
CRITICAL - 2024-09-16 21:04:25 --> [Caused by] mysqli_sql_exception: Invalid use of group function
in SYSTEMPATH\Database\MySQLi\Connection.php on line 312.
 1 SYSTEMPATH\Database\MySQLi\Connection.php(312): mysqli->query('SELECT acc_year_id, fpo, start_date, end_date
                    FROM accounting_years WHERE acc_year_id = max(acc_year_id)
                    AND fpo = \'1\'', 0)
 2 SYSTEMPATH\Database\BaseConnection.php(734): CodeIgniter\Database\MySQLi\Connection->execute('SELECT acc_year_id, fpo, start_date, end_date
                    FROM accounting_years WHERE acc_year_id = max(acc_year_id)
                    AND fpo = \'1\'')
 3 SYSTEMPATH\Database\BaseConnection.php(648): CodeIgniter\Database\BaseConnection->simpleQuery('SELECT acc_year_id, fpo, start_date, end_date
                    FROM accounting_years WHERE acc_year_id = max(acc_year_id)
                    AND fpo = \'1\'')
 4 APPPATH\Controllers\DashboardController.php(39): CodeIgniter\Database\BaseConnection->query('SELECT acc_year_id, fpo, start_date, end_date
                    FROM accounting_years WHERE acc_year_id = max(acc_year_id)
                    AND fpo = \'1\'')
 5 SYSTEMPATH\CodeIgniter.php(933): App\Controllers\DashboardController->previousSales()
 6 SYSTEMPATH\CodeIgniter.php(509): CodeIgniter\CodeIgniter->runController(Object(App\Controllers\DashboardController))
 7 SYSTEMPATH\CodeIgniter.php(355): CodeIgniter\CodeIgniter->handleRequest(null, Object(Config\Cache), false)
 8 SYSTEMPATH\Boot.php(325): CodeIgniter\CodeIgniter->run()
 9 SYSTEMPATH\Boot.php(67): CodeIgniter\Boot::runCodeIgniter(Object(CodeIgniter\CodeIgniter))
10 FCPATH\index.php(56): CodeIgniter\Boot::bootWeb(Object(Config\Paths))
INFO - 2024-09-16 21:10:15 --> Session: Class initialized using 'CodeIgniter\Session\Handlers\FileHandler' driver.
INFO - 2024-09-16 21:11:15 --> Session: Class initialized using 'CodeIgniter\Session\Handlers\FileHandler' driver.
INFO - 2024-09-16 21:14:26 --> Session: Class initialized using 'CodeIgniter\Session\Handlers\FileHandler' driver.
INFO - 2024-09-16 21:16:55 --> Session: Class initialized using 'CodeIgniter\Session\Handlers\FileHandler' driver.
